Loading checkpoint shards:   0%|          | 0/2 [00:00<?, ?it/s]Loading checkpoint shards:  50%|█████     | 1/2 [00:02<00:02,  2.87s/it]Loading checkpoint shards: 100%|██████████| 2/2 [00:04<00:00,  1.90s/it]Loading checkpoint shards: 100%|██████████| 2/2 [00:04<00:00,  2.04s/it]
Loading checkpoint shards:   0%|          | 0/2 [00:00<?, ?it/s]Loading checkpoint shards:  50%|█████     | 1/2 [00:00<00:00,  8.58it/s]Loading checkpoint shards: 100%|██████████| 2/2 [00:00<00:00,  9.34it/s]
[0, 1, 2, 3, 4, 5, 6, 7, 8, 9, 10, 11, 12, 13, 14, 15, 16, 17, 18, 19, 20, 21, 22, 23, 24, 25, 26, 27, 28, 29, 30, 31, 32, 33, 34, 35, 36, 37, 38, 39, 40, 41, 42, 43, 44, 45, 46, 47, 48, 49]
[50, 51, 52, 53, 54, 55, 56, 57, 58, 59, 60, 61, 62, 63, 64, 65, 66, 67, 68, 69, 70, 71, 72, 73, 74, 75, 76, 77, 78, 79, 80, 81, 82, 83, 84, 85, 86, 87, 88, 89, 90, 91, 92, 93, 94, 95, 96, 97, 98, 99]
[PROMPT]: How much priority did each agent assign to different items?
[COMPLETION]: For Agent 1: The priority for Food, Water and Firewood are respectively High, Medium and Low. For Agent 2: The priority for Food, Water and Firewood are respectively High, Medium and Low.
[GT]: For Agent 1: The priority for Food, Water and Firewood are respectively Medium, High and Low. For Agent 2: The priority for Food, Water and Firewood are respectively High, Low and Medium.
################################################################################
[PROMPT]: How much priority did each agent assign to different items?
[COMPLETION]: For Agent 1: The priority for Food, Water and Firewood are respectively Low, Medium and High. For Agent 2: The priority for Food, Water and Firewood are respectively Low, High and Medium.
[GT]: For Agent 1: The priority for Food, Water and Firewood are respectively Low, Medium and High. For Agent 2: The priority for Food, Water and Firewood are respectively Low, Medium and High.
################################################################################
[PROMPT]: How much priority did each agent assign to different items?
[COMPLETION]: For Agent 1: The priority for Food, Water and Firewood are respectively Low, High and Medium. For Agent 2: The priority for Food, Water and Firewood are respectively Medium, Low and High.
[GT]: For Agent 1: The priority for Food, Water and Firewood are respectively Medium, High and Low. For Agent 2: The priority for Food, Water and Firewood are respectively Low, Medium and High.
################################################################################
[PROMPT]: How much priority did each agent assign to different items?
[COMPLETION]: For Agent 1: The priority for Food, Water and Firewood are respectively High, Low and Medium. For Agent 2: The priority for Food, Water and Firewood are respectively High, Low and Medium.
[GT]: For Agent 1: The priority for Food, Water and Firewood are respectively High, Low and Medium. For Agent 2: The priority for Food, Water and Firewood are respectively High, Low and Medium.
################################################################################
[PROMPT]: How much priority did each agent assign to different items?
[COMPLETION]: For Agent 1: The priority for Food, Water and Firewood are respectively Low, Medium and High. For Agent 2: The priority for Food, Water and Firewood are respectively Low, Medium and High.
[GT]: For Agent 1: The priority for Food, Water and Firewood are respectively Medium, Low and High. For Agent 2: The priority for Food, Water and Firewood are respectively Low, Medium and High.
################################################################################
[PROMPT]: How much priority did each agent assign to different items?
[COMPLETION]: For Agent 1: The priority for Food, Water and Firewood are respectively Medium, Low and High. For Agent 2: The priority for Food, Water and Firewood are respectively High, Medium and Low.
[GT]: For Agent 1: The priority for Food, Water and Firewood are respectively Medium, Low and High. For Agent 2: The priority for Food, Water and Firewood are respectively High, Medium and Low.
################################################################################
[PROMPT]: How much priority did each agent assign to different items?
[COMPLETION]: For Agent 1: The priority for Food, Water and Firewood are respectively Low, High and Medium. For Agent 2: The priority for Food, Water and Firewood are respectively Medium, High and Low.
[GT]: For Agent 1: The priority for Food, Water and Firewood are respectively Medium, High and Low. For Agent 2: The priority for Food, Water and Firewood are respectively Medium, High and Low.
################################################################################
[PROMPT]: How much priority did each agent assign to different items?
[COMPLETION]: For Agent 1: The priority for Food, Water and Firewood are respectively High, Medium and Low. For Agent 2: The priority for Food, Water and Firewood are respectively High, Medium and Low.
[GT]: For Agent 1: The priority for Food, Water and Firewood are respectively High, Medium and Low. For Agent 2: The priority for Food, Water and Firewood are respectively High, Low and Medium.
################################################################################
[PROMPT]: How much priority did each agent assign to different items?
[COMPLETION]: For Agent 1: The priority for Food, Water and Firewood are respectively Low, Medium and High. For Agent 2: The priority for Food, Water and Firewood are respectively High, Medium and Low.
[GT]: For Agent 1: The priority for Food, Water and Firewood are respectively Medium, Low and High. For Agent 2: The priority for Food, Water and Firewood are respectively High, Low and Medium.
################################################################################
[PROMPT]: How much priority did each agent assign to different items?
[COMPLETION]: For Agent 1: The priority for Food, Water and Firewood are respectively High, Medium and Low. For Agent 2: The priority for Food, Water and Firewood are respectively High, Low and Medium.
[GT]: For Agent 1: The priority for Food, Water and Firewood are respectively High, Medium and Low. For Agent 2: The priority for Food, Water and Firewood are respectively Medium, Low and High.
################################################################################
[PROMPT]: How much priority did each agent assign to different items?
[COMPLETION]: For Agent 1: The priority for Food, Water and Firewood are respectively Low, High and Medium. For Agent 2: The priority for Food, Water and Firewood are respectively Medium, High and Low.
[GT]: For Agent 1: The priority for Food, Water and Firewood are respectively Low, High and Medium. For Agent 2: The priority for Food, Water and Firewood are respectively Medium, High and Low.
################################################################################
[PROMPT]: How much priority did each agent assign to different items?
[COMPLETION]: For Agent 1: The priority for Food, Water and Firewood are respectively High, Medium and Low. For Agent 2: The priority for Food, Water and Firewood are respectively Medium, Low and High.
[GT]: For Agent 1: The priority for Food, Water and Firewood are respectively High, Medium and Low. For Agent 2: The priority for Food, Water and Firewood are respectively Low, High and Medium.
################################################################################
[PROMPT]: How much priority did each agent assign to different items?
[COMPLETION]: For Agent 1: The priority for Food, Water and Firewood are respectively High, Medium and Low. For Agent 2: The priority for Food, Water and Firewood are respectively Low, Medium and High.
[GT]: For Agent 1: The priority for Food, Water and Firewood are respectively High, Medium and Low. For Agent 2: The priority for Food, Water and Firewood are respectively Low, Medium and High.
################################################################################
[PROMPT]: How much priority did each agent assign to different items?
[COMPLETION]: For Agent 1: The priority for Food, Water and Firewood are respectively High, Low and Medium. For Agent 2: The priority for Food, Water and Firewood are respectively High, Low and Medium.
[GT]: For Agent 1: The priority for Food, Water and Firewood are respectively High, Medium and Low. For Agent 2: The priority for Food, Water and Firewood are respectively High, Low and Medium.
################################################################################
[PROMPT]: How much priority did each agent assign to different items?
[COMPLETION]: For Agent 1: The priority for Food, Water and Firewood are respectively Low, Medium and High. For Agent 2: The priority for Food, Water and Firewood are respectively Low, Medium and High.
[GT]: For Agent 1: The priority for Food, Water and Firewood are respectively Low, Medium and High. For Agent 2: The priority for Food, Water and Firewood are respectively High, Medium and Low.
################################################################################
[PROMPT]: How much priority did each agent assign to different items?
[COMPLETION]: For Agent 1: The priority for Food, Water and Firewood are respectively High, Low and Medium. For Agent 2: The priority for Food, Water and Firewood are respectively Medium, Low and High.
[GT]: For Agent 1: The priority for Food, Water and Firewood are respectively High, Medium and Low. For Agent 2: The priority for Food, Water and Firewood are respectively Medium, Low and High.
################################################################################
[PROMPT]: How much priority did each agent assign to different items?
[COMPLETION]: For Agent 1: The priority for Food, Water and Firewood are respectively High, Low and Medium. For Agent 2: The priority for Food, Water and Firewood are respectively Low, Medium and High.
[GT]: For Agent 1: The priority for Food, Water and Firewood are respectively Medium, Low and High. For Agent 2: The priority for Food, Water and Firewood are respectively Low, Medium and High.
################################################################################
[PROMPT]: How much priority did each agent assign to different items?
[COMPLETION]: For Agent 1: The priority for Food, Water and Firewood are respectively Low, High and Medium. For Agent 2: The priority for Food, Water and Firewood are respectively Low, High and Medium.
[GT]: For Agent 1: The priority for Food, Water and Firewood are respectively Low, High and Medium. For Agent 2: The priority for Food, Water and Firewood are respectively Low, High and Medium.
################################################################################
[PROMPT]: How much priority did each agent assign to different items?
[COMPLETION]: For Agent 1: The priority for Food, Water and Firewood are respectively High, Low and Medium. For Agent 2: The priority for Food, Water and Firewood are respectively High, Low and Medium.
[GT]: For Agent 1: The priority for Food, Water and Firewood are respectively High, Medium and Low. For Agent 2: The priority for Food, Water and Firewood are respectively High, Low and Medium.
################################################################################
[PROMPT]: How much priority did each agent assign to different items?
[COMPLETION]: For Agent 1: The priority for Food, Water and Firewood are respectively Low, High and Medium. For Agent 2: The priority for Food, Water and Firewood are respectively Medium, High and Low.
[GT]: For Agent 1: The priority for Food, Water and Firewood are respectively Low, High and Medium. For Agent 2: The priority for Food, Water and Firewood are respectively High, Medium and Low.
################################################################################
[PROMPT]: How much priority did each agent assign to different items?
[COMPLETION]: For Agent 1: The priority for Food, Water and Firewood are respectively Low, High and Medium. For Agent 2: The priority for Food, Water and Firewood are respectively Low, High and Medium.
[GT]: For Agent 1: The priority for Food, Water and Firewood are respectively High, Medium and Low. For Agent 2: The priority for Food, Water and Firewood are respectively Low, High and Medium.
################################################################################
[PROMPT]: How much priority did each agent assign to different items?
[COMPLETION]: For Agent 1: The priority for Food, Water and Firewood are respectively Medium, High and Low. For Agent 2: The priority for Food, Water and Firewood are respectively Low, High and Medium.
[GT]: For Agent 1: The priority for Food, Water and Firewood are respectively Medium, Low and High. For Agent 2: The priority for Food, Water and Firewood are respectively Medium, High and Low.
################################################################################
[PROMPT]: How much priority did each agent assign to different items?
[COMPLETION]: For Agent 1: The priority for Food, Water and Firewood are respectively Low, High and Medium. For Agent 2: The priority for Food, Water and Firewood are respectively High, Low and Medium.
[GT]: For Agent 1: The priority for Food, Water and Firewood are respectively Medium, High and Low. For Agent 2: The priority for Food, Water and Firewood are respectively High, Medium and Low.
################################################################################
[PROMPT]: How much priority did each agent assign to different items?
[COMPLETION]: For Agent 1: The priority for Food, Water and Firewood are respectively Low, Medium and High. For Agent 2: The priority for Food, Water and Firewood are respectively Medium, High and Low.
[GT]: For Agent 1: The priority for Food, Water and Firewood are respectively Low, Medium and High. For Agent 2: The priority for Food, Water and Firewood are respectively Medium, High and Low.
################################################################################
[PROMPT]: How much priority did each agent assign to different items?
[COMPLETION]: For Agent 1: The priority for Food, Medicine and Firewood are respectively Low, Medium and High. For Agent 2: The priority for Food, Water and Firewood are respectively Medium, High and Low.
[GT]: For Agent 1: The priority for Food, Water and Firewood are respectively Low, High and Medium. For Agent 2: The priority for Food, Water and Firewood are respectively Low, High and Medium.
################################################################################
[PROMPT]: How much priority did each agent assign to different items?
[COMPLETION]: For Agent 1: The priority for Food, Water and Firewood are respectively Medium, High and Low. For Agent 2: The priority for Food, Water and Firewood are respectively Medium, High and Low.
[GT]: For Agent 1: The priority for Food, Water and Firewood are respectively Medium, High and Low. For Agent 2: The priority for Food, Water and Firewood are respectively Low, High and Medium.
################################################################################
[PROMPT]: How much priority did each agent assign to different items?
[COMPLETION]: For Agent 1: The priority for Food, Water and Firewood are respectively High, Medium and Low. For Agent 2: The priority for Food, Water and Firewood are respectively High, Low and Medium.
[GT]: For Agent 1: The priority for Food, Water and Firewood are respectively High, Medium and Low. For Agent 2: The priority for Food, Water and Firewood are respectively High, Low and Medium.
################################################################################
[PROMPT]: How much priority did each agent assign to different items?
[COMPLETION]: For Agent 1: The priority for Food, Water and Firewood are respectively Low, High and Medium. For Agent 2: The priority for Food, Water and Firewood are respectively Medium, High and Low.
[GT]: For Agent 1: The priority for Food, Water and Firewood are respectively Low, High and Medium. For Agent 2: The priority for Food, Water and Firewood are respectively Low, High and Medium.
################################################################################
[PROMPT]: How much priority did each agent assign to different items?
[COMPLETION]: For Agent 1: The priority for Food, Water and Firewood are respectively Low, Medium and High. For Agent 2: The priority for Food, Water and Firewood are respectively Medium, High and Low.
[GT]: For Agent 1: The priority for Food, Water and Firewood are respectively Low, Medium and High. For Agent 2: The priority for Food, Water and Firewood are respectively Medium, High and Low.
################################################################################
[PROMPT]: How much priority did each agent assign to different items?
[COMPLETION]: For Agent 1: The priority for Food, Water and Firewood are respectively Low, High and Medium. For Agent 2: The priority for Food, Water and Firewood are respectively Low, High and Medium.
[GT]: For Agent 1: The priority for Food, Water and Firewood are respectively Low, High and Medium. For Agent 2: The priority for Food, Water and Firewood are respectively Low, High and Medium.
################################################################################
[PROMPT]: How much priority did each agent assign to different items?
[COMPLETION]: For Agent 1: The priority for Food, Water and Firewood are respectively High, Low and Medium. For Agent 2: The priority for Food, Water and Firewood are respectively High, Low and Medium.
[GT]: For Agent 1: The priority for Food, Water and Firewood are respectively Low, High and Medium. For Agent 2: The priority for Food, Water and Firewood are respectively High, Medium and Low.
################################################################################
[PROMPT]: How much priority did each agent assign to different items?
[COMPLETION]: For Agent 1: The priority for Food, Water and Firewood are respectively High, Low and Medium. For Agent 2: The priority for Food, Water and Firewood are respectively High, Low and Medium.
[GT]: For Agent 1: The priority for Food, Water and Firewood are respectively Low, High and Medium. For Agent 2: The priority for Food, Water and Firewood are respectively High, Low and Medium.
################################################################################
[PROMPT]: How much priority did each agent assign to different items?
[COMPLETION]: For Agent 1: The priority for Food, Water and Firewood are respectively Low, Medium and High. For Agent 2: The priority for Food, Water and Firewood are respectively Medium, Low and High.
[GT]: For Agent 1: The priority for Food, Water and Firewood are respectively Low, High and Medium. For Agent 2: The priority for Food, Water and Firewood are respectively Medium, Low and High.
################################################################################
[PROMPT]: How much priority did each agent assign to different items?
[COMPLETION]: For Agent 1: The priority for Food, Water and Firewood are respectively Medium, Low and High. For Agent 2: The priority for Food, Water and Firewood are respectively Low, High and Medium.
[GT]: For Agent 1: The priority for Food, Water and Firewood are respectively Medium, Low and High. For Agent 2: The priority for Food, Water and Firewood are respectively Low, High and Medium.
################################################################################
[PROMPT]: How much priority did each agent assign to different items?
[COMPLETION]: For Agent 1: The priority for Food, Water and Firewood are respectively Medium, Low and High. For Agent 2: The priority for Food, Water and Firewood are respectively Low, Medium and High.
[GT]: For Agent 1: The priority for Food, Water and Firewood are respectively Low, Medium and High. For Agent 2: The priority for Food, Water and Firewood are respectively Medium, High and Low.
################################################################################
[PROMPT]: How much priority did each agent assign to different items?
[COMPLETION]: For Agent 1: The priority for Food, Water and Firewood are respectively Low, High and Medium. For Agent 2: The priority for Food, Water and Firewood are respectively Medium, High and Low.
[GT]: For Agent 1: The priority for Food, Water and Firewood are respectively Low, High and Medium. For Agent 2: The priority for Food, Water and Firewood are respectively Low, High and Medium.
################################################################################
[PROMPT]: How much priority did each agent assign to different items?
[COMPLETION]: For Agent 1: The priority for Food, Water and Firewood are respectively High, Medium and Low. For Agent 2: The priority for Food, Water and Firewood are respectively High, Low and Medium.
[GT]: For Agent 1: The priority for Food, Water and Firewood are respectively High, Low and Medium. For Agent 2: The priority for Food, Water and Firewood are respectively High, Low and Medium.
################################################################################
[PROMPT]: How much priority did each agent assign to different items?
[COMPLETION]: For Agent 1: The priority for Food, Water and Firewood are respectively Medium, High and Low. For Agent 2: The priority for Food, Water and Firewood are respectively Medium, High and Low.
[GT]: For Agent 1: The priority for Food, Water and Firewood are respectively Medium, High and Low. For Agent 2: The priority for Food, Water and Firewood are respectively Low, High and Medium.
################################################################################
[PROMPT]: How much priority did each agent assign to different items?
[COMPLETION]: For Agent 1: The priority for Food, Water and Firewood are respectively High, Medium and Low. For Agent 2: The priority for Food, Water and Firewood are respectively High, Medium and Low.
[GT]: For Agent 1: The priority for Food, Water and Firewood are respectively High, Low and Medium. For Agent 2: The priority for Food, Water and Firewood are respectively High, Medium and Low.
################################################################################
[PROMPT]: How much priority did each agent assign to different items?
[COMPLETION]: For Agent 1: The priority for Food, Water and Firewood are respectively High, Medium and Low. For Agent 2: The priority for Food, Water and Firewood are respectively High, Medium and Low.
[GT]: For Agent 1: The priority for Food, Water and Firewood are respectively High, Medium and Low. For Agent 2: The priority for Food, Water and Firewood are respectively High, Medium and Low.
################################################################################
[PROMPT]: How much priority did each agent assign to different items?
[COMPLETION]: For Agent 1: The priority for Food, Water and Firewood are respectively High, Low and Medium. For Agent 2: The priority for Food, Water and Firewood are respectively Medium, High and Low.
[GT]: For Agent 1: The priority for Food, Water and Firewood are respectively High, Low and Medium. For Agent 2: The priority for Food, Water and Firewood are respectively Medium, High and Low.
################################################################################
[PROMPT]: How much priority did each agent assign to different items?
[COMPLETION]: For Agent 1: The priority for Food, Water and Firewood are respectively High, Medium and Low. For Agent 2: The priority for Food, Water and Firewood are respectively High, Medium and Low.
[GT]: For Agent 1: The priority for Food, Water and Firewood are respectively High, Medium and Low. For Agent 2: The priority for Food, Water and Firewood are respectively High, Low and Medium.
################################################################################
[PROMPT]: How much priority did each agent assign to different items?
[COMPLETION]: For Agent 1: The priority for Food, Water and Firewood are respectively High, Low and Medium. For Agent 2: The priority for Food, Water and Firewood are respectively High, Low and Medium.
[GT]: For Agent 1: The priority for Food, Water and Firewood are respectively Low, High and Medium. For Agent 2: The priority for Food, Water and Firewood are respectively High, Low and Medium.
################################################################################
[PROMPT]: How much priority did each agent assign to different items?
[COMPLETION]: For Agent 1: The priority for Food, Water and Firewood are respectively High, Low and Medium. For Agent 2: The priority for Food, Water and Firewood are respectively High, Low and Medium.
[GT]: For Agent 1: The priority for Food, Water and Firewood are respectively Low, Medium and High. For Agent 2: The priority for Food, Water and Firewood are respectively High, Medium and Low.
################################################################################
[PROMPT]: How much priority did each agent assign to different items?
[COMPLETION]: For Agent 1: The priority for Food, Water and Firewood are respectively Low, Medium and High. For Agent 2: The priority for Food, Water and Firewood are respectively Low, High and Medium.
[GT]: For Agent 1: The priority for Food, Water and Firewood are respectively Medium, Low and High. For Agent 2: The priority for Food, Water and Firewood are respectively Low, High and Medium.
################################################################################
[PROMPT]: How much priority did each agent assign to different items?
[COMPLETION]: For Agent 1: The priority for Food, Water and Firewood are respectively Low, Medium and High. For Agent 2: The priority for Food, Water and Firewood are respectively High, Low and Medium.
[GT]: For Agent 1: The priority for Food, Water and Firewood are respectively Medium, Low and High. For Agent 2: The priority for Food, Water and Firewood are respectively High, Low and Medium.
################################################################################
[PROMPT]: How much priority did each agent assign to different items?
[COMPLETION]: For Agent 1: The priority for Food, Water and Firewood are respectively High, Low and Medium. For Agent 2: The priority for Food, Water and Firewood are respectively Medium, High and Low.
[GT]: For Agent 1: The priority for Food, Water and Firewood are respectively Medium, High and Low. For Agent 2: The priority for Food, Water and Firewood are respectively Medium, High and Low.
################################################################################
[PROMPT]: How much priority did each agent assign to different items?
[COMPLETION]: For Agent 1: The priority for Food, Water and Firewood are respectively Low, High and Medium. For Agent 2: The priority for Food, Water and Firewood are respectively Medium, High and Low.
[GT]: For Agent 1: The priority for Food, Water and Firewood are respectively Low, High and Medium. For Agent 2: The priority for Food, Water and Firewood are respectively Medium, High and Low.
################################################################################
[PROMPT]: How much priority did each agent assign to different items?
[COMPLETION]: For Agent 1: The priority for Food, Water and Firewood are respectively Low, High and Medium. For Agent 2: The priority for Food, Water and Firewood are respectively Medium, High and Low.
[GT]: For Agent 1: The priority for Food, Water and Firewood are respectively High, Low and Medium. For Agent 2: The priority for Food, Water and Firewood are respectively Medium, High and Low.
################################################################################
[PROMPT]: How much priority did each agent assign to different items?
[COMPLETION]: For Agent 1: The priority for Food, Water and Firewood are respectively High, Low and Medium. For Agent 2: The priority for Food, Water and Firewood are respectively Medium, High and Low.
[GT]: For Agent 1: The priority for Food, Water and Firewood are respectively High, Medium and Low. For Agent 2: The priority for Food, Water and Firewood are respectively Medium, High and Low.
################################################################################
[PROMPT]: How much priority did each agent assign to different items?
[COMPLETION]: For Agent 1: The priority for Food, Water and Firewood are respectively Low, Medium and High. For Agent 2: The priority for Food, Water and Firewood are respectively High, Medium and Low.
[GT]: For Agent 1: The priority for Food, Water and Firewood are respectively Low, Medium and High. For Agent 2: The priority for Food, Water and Firewood are respectively High, Medium and Low.
################################################################################
[PROMPT]: How much priority did each agent assign to different items?
[COMPLETION]: For Agent 1: The priority for Food, Water and Firewood are respectively Low, High and Medium. For Agent 2: The priority for Food, Water and Firewood are respectively Medium, Low and High.
[GT]: For Agent 1: The priority for Food, Water and Firewood are respectively Medium, High and Low. For Agent 2: The priority for Food, Water and Firewood are respectively Medium, High and Low.
################################################################################
[PROMPT]: How much priority did each agent assign to different items?
[COMPLETION]: For Agent 1: The priority for Food, Water and Firewood are respectively Low, High and Medium. For Agent 2: The priority for Food, Water and Firewood are respectively Low, High and Medium.
[GT]: For Agent 1: The priority for Food, Water and Firewood are respectively Medium, High and Low. For Agent 2: The priority for Food, Water and Firewood are respectively Low, High and Medium.
################################################################################
[PROMPT]: How much priority did each agent assign to different items?
[COMPLETION]: For Agent 1: The priority for Food, Water and Firewood are respectively Low, Medium and High. For Agent 2: The priority for Food, Water and Firewood are respectively Medium, Low and High.
[GT]: For Agent 1: The priority for Food, Water and Firewood are respectively Medium, Low and High. For Agent 2: The priority for Food, Water and Firewood are respectively Low, Medium and High.
################################################################################
[PROMPT]: How much priority did each agent assign to different items?
[COMPLETION]: For Agent 1: The priority for Food, Water and Firewood are respectively High, Low and Medium. For Agent 2: The priority for Food, Water and Firewood are respectively High, Low and Medium.
[GT]: For Agent 1: The priority for Food, Water and Firewood are respectively High, Medium and Low. For Agent 2: The priority for Food, Water and Firewood are respectively High, Low and Medium.
################################################################################
[PROMPT]: How much priority did each agent assign to different items?
[COMPLETION]: For Agent 1: The priority for Food, Water and Firewood are respectively Low, Medium and High. For Agent 2: The priority for Food, Water and Firewood are respectively Medium, Low and High.
[GT]: For Agent 1: The priority for Food, Water and Firewood are respectively Low, Medium and High. For Agent 2: The priority for Food, Water and Firewood are respectively Medium, Low and High.
################################################################################
[PROMPT]: How much priority did each agent assign to different items?
[COMPLETION]: For Agent 1: The priority for Food, Water and Firewood are respectively High, Low and Medium. For Agent 2: The priority for Food, Water and Firewood are respectively High, Low and Medium.
[GT]: For Agent 1: The priority for Food, Water and Firewood are respectively High, Medium and Low. For Agent 2: The priority for Food, Water and Firewood are respectively High, Medium and Low.
################################################################################
[PROMPT]: How much priority did each agent assign to different items?
[COMPLETION]: For Agent 1: The priority for Food, Water and Firewood are respectively Low, Medium and High. For Agent 2: The priority for Food, Water and Firewood are respectively High, Medium and Low.
[GT]: For Agent 1: The priority for Food, Water and Firewood are respectively Low, Medium and High. For Agent 2: The priority for Food, Water and Firewood are respectively High, Low and Medium.
################################################################################
[PROMPT]: How much priority did each agent assign to different items?
[COMPLETION]: For Agent 1: The priority for Food, Water and Firewood are respectively High, Low and Medium. For Agent 2: The priority for Food, Water and Firewood are respectively Medium, Low and High.
[GT]: For Agent 1: The priority for Food, Water and Firewood are respectively Low, Medium and High. For Agent 2: The priority for Food, Water and Firewood are respectively High, Medium and Low.
################################################################################
[PROMPT]: How much priority did each agent assign to different items?
[COMPLETION]: For Agent 1: The priority for Food, Water and Firewood are respectively Low, High and Medium. For Agent 2: The priority for Food, Water and Firewood are respectively Medium, High and Low.
[GT]: For Agent 1: The priority for Food, Water and Firewood are respectively Low, High and Medium. For Agent 2: The priority for Food, Water and Firewood are respectively High, Medium and Low.
################################################################################
[PROMPT]: How much priority did each agent assign to different items?
[COMPLETION]: For Agent 1: The priority for Food, Water and Firewood are respectively Low, High and Medium. For Agent 2: The priority for Food, Water and Firewood are respectively Medium, High and Low.
[GT]: For Agent 1: The priority for Food, Water and Firewood are respectively Low, Medium and High. For Agent 2: The priority for Food, Water and Firewood are respectively Medium, High and Low.
################################################################################
[PROMPT]: How much priority did each agent assign to different items?
[COMPLETION]: For Agent 1: The priority for Food, Water and Firewood are respectively Low, High and Medium. For Agent 2: The priority for Food, Water and Firewood are respectively Medium, High and Low.
[GT]: For Agent 1: The priority for Food, Water and Firewood are respectively Medium, High and Low. For Agent 2: The priority for Food, Water and Firewood are respectively Low, Medium and High.
################################################################################
[PROMPT]: How much priority did each agent assign to different items?
[COMPLETION]: For Agent 1: The priority for Food, Water and Firewood are respectively High, Low and Medium. For Agent 2: The priority for Food, Water and Firewood are respectively High, Low and Medium.
[GT]: For Agent 1: The priority for Food, Water and Firewood are respectively High, Low and Medium. For Agent 2: The priority for Food, Water and Firewood are respectively Medium, Low and High.
################################################################################
[PROMPT]: How much priority did each agent assign to different items?
[COMPLETION]: For Agent 1: The priority for Food, Water and Firewood are respectively Low, Medium and High. For Agent 2: The priority for Food, Water and Firewood are respectively Medium, Low and High.
[GT]: For Agent 1: The priority for Food, Water and Firewood are respectively Low, Medium and High. For Agent 2: The priority for Food, Water and Firewood are respectively Low, Medium and High.
################################################################################
[PROMPT]: How much priority did each agent assign to different items?
[COMPLETION]: For Agent 1: The priority for Food, Water and Firewood are respectively High, Medium and Low. For Agent 2: The priority for Food, Water and Firewood are respectively High, Medium and Low.
[GT]: For Agent 1: The priority for Food, Water and Firewood are respectively High, Medium and Low. For Agent 2: The priority for Food, Water and Firewood are respectively High, Medium and Low.
################################################################################
[PROMPT]: How much priority did each agent assign to different items?
[COMPLETION]: For Agent 1: The priority for Food, Water and Firewood are respectively High, Low and Medium. For Agent 2: The priority for Food, Water and Firewood are respectively High, Low and Medium.
[GT]: For Agent 1: The priority for Food, Water and Firewood are respectively Low, High and Medium. For Agent 2: The priority for Food, Water and Firewood are respectively High, Low and Medium.
################################################################################
[PROMPT]: How much priority did each agent assign to different items?
[COMPLETION]: For Agent 1: The priority for Food, Water and Firewood are respectively Low, High and Medium. For Agent 2: The priority for Food, Water and Firewood are respectively Low, High and Medium.
[GT]: For Agent 1: The priority for Food, Water and Firewood are respectively Low, High and Medium. For Agent 2: The priority for Food, Water and Firewood are respectively Medium, High and Low.
################################################################################
[PROMPT]: How much priority did each agent assign to different items?
[COMPLETION]: For Agent 1: The priority for Food, Water and Firewood are respectively Low, Medium and High. For Agent 2: The priority for Food, Water and Firewood are respectively Medium, Low and High.
[GT]: For Agent 1: The priority for Food, Water and Firewood are respectively Medium, Low and High. For Agent 2: The priority for Food, Water and Firewood are respectively Medium, Low and High.
################################################################################
[PROMPT]: How much priority did each agent assign to different items?
[COMPLETION]: For Agent 1: The priority for Food, Water and Firewood are respectively Medium, High and Low. For Agent 2: The priority for Food, Water and Firewood are respectively Medium, Low and High.
[GT]: For Agent 1: The priority for Food, Water and Firewood are respectively Medium, High and Low. For Agent 2: The priority for Food, Water and Firewood are respectively High, Medium and Low.
################################################################################
[PROMPT]: How much priority did each agent assign to different items?
[COMPLETION]: For Agent 1: The priority for Food, Water and Firewood are respectively Low, High and Medium. For Agent 2: The priority for Food, Water and Firewood are respectively Low, High and Medium.
[GT]: For Agent 1: The priority for Food, Water and Firewood are respectively Low, High and Medium. For Agent 2: The priority for Food, Water and Firewood are respectively Low, High and Medium.
################################################################################
[PROMPT]: How much priority did each agent assign to different items?
[COMPLETION]: For Agent 1: The priority for Food, Water and Firewood are respectively Low, Medium and High. For Agent 2: The priority for Food, Water and Firewood are respectively Medium, Low and High.
[GT]: For Agent 1: The priority for Food, Water and Firewood are respectively Medium, Low and High. For Agent 2: The priority for Food, Water and Firewood are respectively Medium, Low and High.
################################################################################
[PROMPT]: How much priority did each agent assign to different items?
[COMPLETION]: For Agent 1: The priority for Food, Water and Firewood are respectively Low, Medium and High. For Agent 2: The priority for Food, Water and Firewood are respectively High, Low and Medium.
[GT]: For Agent 1: The priority for Food, Water and Firewood are respectively Low, Medium and High. For Agent 2: The priority for Food, Water and Firewood are respectively High, Low and Medium.
################################################################################
[PROMPT]: How much priority did each agent assign to different items?
[COMPLETION]: For Agent 1: The priority for Food, Water and Firewood are respectively High, Medium and Low. For Agent 2: The priority for Food, Water and Firewood are respectively High, Medium and Low.
[GT]: For Agent 1: The priority for Food, Water and Firewood are respectively High, Medium and Low. For Agent 2: The priority for Food, Water and Firewood are respectively Low, Medium and High.
################################################################################
[PROMPT]: How much priority did each agent assign to different items?
[COMPLETION]: For Agent 1: The priority for Food, Water and Firewood are respectively Medium, High and Low. For Agent 2: The priority for Food, Water and Firewood are respectively Medium, High and Low.
[GT]: For Agent 1: The priority for Food, Water and Firewood are respectively High, Low and Medium. For Agent 2: The priority for Food, Water and Firewood are respectively Medium, High and Low.
################################################################################
[PROMPT]: How much priority did each agent assign to different items?
[COMPLETION]: For Agent 1: The priority for Food, Water and Firewood are respectively High, Medium and Low. For Agent 2: The priority for Food, Water and Firewood are respectively Low, High and Medium.
[GT]: For Agent 1: The priority for Food, Water and Firewood are respectively High, Medium and Low. For Agent 2: The priority for Food, Water and Firewood are respectively Low, High and Medium.
################################################################################
[PROMPT]: How much priority did each agent assign to different items?
[COMPLETION]: For Agent 1: The priority for Food, Water and Firewood are respectively High, Low and Medium. For Agent 2: The priority for Food, Water and Firewood are respectively High, Low and Medium.
[GT]: For Agent 1: The priority for Food, Water and Firewood are respectively Medium, High and Low. For Agent 2: The priority for Food, Water and Firewood are respectively High, Medium and Low.
################################################################################
[PROMPT]: How much priority did each agent assign to different items?
[COMPLETION]: For Agent 1: The priority for Food, Water and Firewood are respectively Low, High and Medium. For Agent 2: The priority for Food, Water and Firewood are respectively High, Low and Medium.
[GT]: For Agent 1: The priority for Food, Water and Firewood are respectively Low, High and Medium. For Agent 2: The priority for Food, Water and Firewood are respectively High, Low and Medium.
################################################################################
[PROMPT]: How much priority did each agent assign to different items?
[COMPLETION]: For Agent 1: The priority for Food, Water and Firewood are respectively Low, Medium and High. For Agent 2: The priority for Food, Water and Firewood are respectively High, Low and Medium.
[GT]: For Agent 1: The priority for Food, Water and Firewood are respectively Low, Medium and High. For Agent 2: The priority for Food, Water and Firewood are respectively High, Low and Medium.
################################################################################
[PROMPT]: How much priority did each agent assign to different items?
[COMPLETION]: For Agent 1: The priority for Food, Water and Firewood are respectively High, Medium and Low. For Agent 2: The priority for Food, Water and Firewood are respectively Low, High and Medium.
[GT]: For Agent 1: The priority for Food, Water and Firewood are respectively High, Medium and Low. For Agent 2: The priority for Food, Water and Firewood are respectively Low, Medium and High.
################################################################################
[PROMPT]: How much priority did each agent assign to different items?
[COMPLETION]: For Agent 1: The priority for Food, Water and Firewood are respectively Low, Medium and High. For Agent 2: The priority for Food, Water and Firewood are respectively Medium, Low and High.
[GT]: For Agent 1: The priority for Food, Water and Firewood are respectively Medium, Low and High. For Agent 2: The priority for Food, Water and Firewood are respectively Low, High and Medium.
################################################################################
[PROMPT]: How much priority did each agent assign to different items?
[COMPLETION]: For Agent 1: The priority for Food, Water and Firewood are respectively High, Medium and Low. For Agent 2: The priority for Food, Water and Firewood are respectively High, Low and Medium.
[GT]: For Agent 1: The priority for Food, Water and Firewood are respectively High, Medium and Low. For Agent 2: The priority for Food, Water and Firewood are respectively High, Low and Medium.
################################################################################
[PROMPT]: How much priority did each agent assign to different items?
[COMPLETION]: For Agent 1: The priority for Food, Water and Firewood are respectively Low, High and Medium. For Agent 2: The priority for Food, Water and Firewood are respectively High, Low and Medium.
[GT]: For Agent 1: The priority for Food, Water and Firewood are respectively Medium, High and Low. For Agent 2: The priority for Food, Water and Firewood are respectively High, Low and Medium.
################################################################################
[PROMPT]: How much priority did each agent assign to different items?
[COMPLETION]: For Agent 1: The priority for Food, Water and Firewood are respectively Low, Medium and High. For Agent 2: The priority for Food, Water and Firewood are respectively Low, Medium and High.
[GT]: For Agent 1: The priority for Food, Water and Firewood are respectively Low, High and Medium. For Agent 2: The priority for Food, Water and Firewood are respectively Low, Medium and High.
################################################################################
[PROMPT]: How much priority did each agent assign to different items?
[COMPLETION]: For Agent 1: The priority for Food, Water and Firewood are respectively High, Medium and Low. For Agent 2: The priority for Food, Water and Firewood are respectively High, Low and Medium.
[GT]: For Agent 1: The priority for Food, Water and Firewood are respectively High, Medium and Low. For Agent 2: The priority for Food, Water and Firewood are respectively Low, High and Medium.
################################################################################
[PROMPT]: How much priority did each agent assign to different items?
[COMPLETION]: For Agent 1: The priority for Food, Water and Firewood are respectively High, Low and Medium. For Agent 2: The priority for Food, Water and Firewood are respectively High, Low and Medium.
[GT]: For Agent 1: The priority for Food, Water and Firewood are respectively High, Medium and Low. For Agent 2: The priority for Food, Water and Firewood are respectively High, Medium and Low.
################################################################################
[PROMPT]: How much priority did each agent assign to different items?
[COMPLETION]: For Agent 1: The priority for Food, Water and Firewood are respectively Low, High and Medium. For Agent 2: The priority for Food, Water and Firewood are respectively Low, High and Medium.
[GT]: For Agent 1: The priority for Food, Water and Firewood are respectively Medium, High and Low. For Agent 2: The priority for Food, Water and Firewood are respectively Medium, High and Low.
################################################################################
[PROMPT]: How much priority did each agent assign to different items?
[COMPLETION]: For Agent 1: The priority for Food, Water and Firewood are respectively Low, Medium and High. For Agent 2: The priority for Food, Water and Firewood are respectively Medium, High and Low.
[GT]: For Agent 1: The priority for Food, Water and Firewood are respectively Low, Medium and High. For Agent 2: The priority for Food, Water and Firewood are respectively Medium, Low and High.
################################################################################
[PROMPT]: How much priority did each agent assign to different items?
[COMPLETION]: For Agent 1: The priority for Food, Water and Firewood are respectively Low, Medium and High. For Agent 2: The priority for Food, Water and Firewood are respectively Low, Medium and High.
[GT]: For Agent 1: The priority for Food, Water and Firewood are respectively Medium, High and Low. For Agent 2: The priority for Food, Water and Firewood are respectively Medium, Low and High.
################################################################################
[PROMPT]: How much priority did each agent assign to different items?
[COMPLETION]: For Agent 1: The priority for Food, Water and Firewood are respectively High, Low and Medium. For Agent 2: The priority for Food, Water and Firewood are respectively High, Low and Medium.
[GT]: For Agent 1: The priority for Food, Water and Firewood are respectively High, Low and Medium. For Agent 2: The priority for Food, Water and Firewood are respectively High, Low and Medium.
################################################################################
[PROMPT]: How much priority did each agent assign to different items?
[COMPLETION]: For Agent 1: The priority for Food, Water and Firewood are respectively Low, High and Medium. For Agent 2: The priority for Food, Water and Firewood are respectively Medium, High and Low.
[GT]: For Agent 1: The priority for Food, Water and Firewood are respectively Low, High and Medium. For Agent 2: The priority for Food, Water and Firewood are respectively High, Medium and Low.
################################################################################
[PROMPT]: How much priority did each agent assign to different items?
[COMPLETION]: For Agent 1: The priority for Food, Water and Firewood are respectively Medium, High and Low. For Agent 2: The priority for Food, Water and Firewood are respectively High, Low and Medium.
[GT]: For Agent 1: The priority for Food, Water and Firewood are respectively Medium, High and Low. For Agent 2: The priority for Food, Water and Firewood are respectively High, Medium and Low.
################################################################################
[PROMPT]: How much priority did each agent assign to different items?
[COMPLETION]: For Agent 1: The priority for Food, Water and Firewood are respectively Low, High and Medium. For Agent 2: The priority for Food, Water and Firewood are respectively Medium, High and Low.
[GT]: For Agent 1: The priority for Food, Water and Firewood are respectively Low, Medium and High. For Agent 2: The priority for Food, Water and Firewood are respectively Medium, High and Low.
################################################################################
[PROMPT]: How much priority did each agent assign to different items?
[COMPLETION]: For Agent 1: The priority for Food, Water and Firewood are respectively High, Low and Medium. For Agent 2: The priority for Food, Water and Firewood are respectively High, Low and Medium.
[GT]: For Agent 1: The priority for Food, Water and Firewood are respectively High, Medium and Low. For Agent 2: The priority for Food, Water and Firewood are respectively High, Low and Medium.
################################################################################
[PROMPT]: How much priority did each agent assign to different items?
[COMPLETION]: For Agent 1: The priority for Food, Water and Firewood are respectively High, Low and Medium. For Agent 2: The priority for Food, Water and Firewood are respectively High, Low and Medium.
[GT]: For Agent 1: The priority for Food, Water and Firewood are respectively Medium, High and Low. For Agent 2: The priority for Food, Water and Firewood are respectively High, Low and Medium.
################################################################################
[PROMPT]: How much priority did each agent assign to different items?
[COMPLETION]: For Agent 1: The priority for Food, Water and Firewood are respectively Low, High and Medium. For Agent 2: The priority for Food, Water and Firewood are respectively Medium, High and Low.
[GT]: For Agent 1: The priority for Food, Water and Firewood are respectively Low, High and Medium. For Agent 2: The priority for Food, Water and Firewood are respectively High, Low and Medium.
################################################################################
[PROMPT]: How much priority did each agent assign to different items?
[COMPLETION]: For Agent 1: The priority for Food, Water and Firewood are respectively Low, Medium and High. For Agent 2: The priority for Food, Water and Firewood are respectively Medium, High and Low.
[GT]: For Agent 1: The priority for Food, Water and Firewood are respectively Medium, Low and High. For Agent 2: The priority for Food, Water and Firewood are respectively Medium, High and Low.
################################################################################
[PROMPT]: How much priority did each agent assign to different items?
[COMPLETION]: For Agent 1: The priority for Food, Water and Firewood are respectively Low, Medium and High. For Agent 2: The priority for Food, Water and Firewood are respectively Medium, Low and High.
[GT]: For Agent 1: The priority for Food, Water and Firewood are respectively Low, Medium and High. For Agent 2: The priority for Food, Water and Firewood are respectively Medium, Low and High.
################################################################################
[PROMPT]: How much priority did each agent assign to different items?
[COMPLETION]: For Agent 1: The priority for Food, Water and Firewood are respectively Low, High and Medium. For Agent 2: The priority for Food, Water and Firewood are respectively Medium, High and Low.
[GT]: For Agent 1: The priority for Food, Water and Firewood are respectively Low, High and Medium. For Agent 2: The priority for Food, Water and Firewood are respectively Medium, High and Low.
################################################################################
[PROMPT]: How much priority did each agent assign to different items?
[COMPLETION]: For Agent 1: The priority for Food, Water and Firewood are respectively High, Medium and Low. For Agent 2: The priority for Food, Water and Firewood are respectively High, Medium and Low.
[GT]: For Agent 1: The priority for Food, Water and Firewood are respectively Medium, High and Low. For Agent 2: The priority for Food, Water and Firewood are respectively Medium, High and Low.
################################################################################
[PROMPT]: How much priority did each agent assign to different items?
[COMPLETION]: For Agent 1: The priority for Food, Water and Firewood are respectively Medium, High and Low. For Agent 2: The priority for Food, Water and Firewood are respectively Medium, High and Low.
[GT]: For Agent 1: The priority for Food, Water and Firewood are respectively Medium, High and Low. For Agent 2: The priority for Food, Water and Firewood are respectively Medium, High and Low.
################################################################################
