Loading checkpoint shards:   0%|          | 0/2 [00:00<?, ?it/s]Loading checkpoint shards:  50%|█████     | 1/2 [00:02<00:02,  2.57s/it]Loading checkpoint shards: 100%|██████████| 2/2 [00:03<00:00,  1.71s/it]Loading checkpoint shards: 100%|██████████| 2/2 [00:03<00:00,  1.84s/it]
Loading checkpoint shards:   0%|          | 0/2 [00:00<?, ?it/s]Loading checkpoint shards:  50%|█████     | 1/2 [00:00<00:00,  6.82it/s]Loading checkpoint shards: 100%|██████████| 2/2 [00:00<00:00,  8.23it/s]
[PROMPT]: ['What is the priority of each item for the picnic?']
[COMPLETION]: For the picnic, the priority for Food, Water and Firewood are respectively High, Medium and Low. For the Diabetic, the priority for Food, Water and Firewood are respectively High, Medium and Low.
################################################################################
[PROMPT]: ['What is the priority of each item for the picnic?']
[COMPLETION]: For the Chef: The priority for Food, Water and Firewood are respectively Low, Medium and High. For the Hiker: The priority for Food, Water and Firewood are respectively Medium, Low and High.
################################################################################
[PROMPT]: ['What is the priority of each item for the picnic?']
[COMPLETION]: For the Firewood: High. For the Water: Low.
################################################################################
[PROMPT]: ['What is the priority of each item for the picnic?']
[COMPLETION]: For Food, High. For Firewood, Medium. For Water, Low.
################################################################################
[PROMPT]: ['What is the priority of each item for the picnic?']
[COMPLETION]: For the Firewood, Water and Food respectively, High, Low and Medium.
################################################################################
[PROMPT]: ['What is the priority of each item for the picnic?']
[COMPLETION]: For the Food, Water and Firewood, the priority is High, Medium and Low respectively.
################################################################################
[PROMPT]: ['What is the priority of each item for the picnic?']
[COMPLETION]: For the picnic, the priority is Food, Water and Firewood.
################################################################################
[PROMPT]: ['What is the priority of each item for the picnic?']
[COMPLETION]: For Food, Water and Firewood: High, Medium and Low. For the picnic, the priority is Food and Water. For the trip, the priority is Food, Water and Firewood.
################################################################################
[PROMPT]: ['What is the priority of each item for the picnic?']
[COMPLETION]: For the Food: High, Medium and Low. For the Firewood: High, Medium and Low. For the Water: High, Medium and Low.
################################################################################
[PROMPT]: ['What is the priority of each item for the picnic?']
[COMPLETION]: For Food, Water and Firewood, the priority is High, Medium and Low respectively.
################################################################################
[PROMPT]: ['What is the priority of each item for the picnic?']
[COMPLETION]: For the picnic, the priority for Food, Water and Firewood are respectively Medium, High and Low.
################################################################################
[PROMPT]: ['What is the priority of each item for the picnic?']
[COMPLETION]: For the picnic, the priority for Food, Water and Firewood are respectively High, Medium and Low.
################################################################################
[PROMPT]: ['What is the priority of each item for the picnic?']
[COMPLETION]: For the Food, Water and Firewood, the priority is Low, Medium and High respectively.
################################################################################
[PROMPT]: ['What is the priority of each item for the picnic?']
[COMPLETION]: For Food, Water and Firewood are respectively High, Low and Medium.
################################################################################
[PROMPT]: ['What is the priority of each item for the picnic?']
[COMPLETION]: For the picnic, the priority for Food, Water and Firewood are respectively High, Medium and Low. For the dialog, the priority for Food, Water and Firewood are respectively Low, Medium and High.
################################################################################
[PROMPT]: ['What is the priority of each item for the picnic?']
[COMPLETION]: For the picnic, the priority is Food, Water and Firewood respectively Low, High and Medium.
################################################################################
[PROMPT]: ['What is the priority of each item for the picnic?']
[COMPLETION]: For Food: Medium. For Water: Low. For Firewood: High.
################################################################################
[PROMPT]: ['What is the priority of each item for the picnic?']
[COMPLETION]: For the Food, Water and Firewood, the priority is Medium, High and Low respectively.
################################################################################
[PROMPT]: ['What is the priority of each item for the picnic?']
[COMPLETION]: For Food: High. For Firewood: Medium. For Water: Low.
################################################################################
[PROMPT]: ['What is the priority of each item for the picnic?']
[COMPLETION]: For the picnic, the priority for Food, Water and Firewood are respectively High, Medium and Low.
################################################################################
[PROMPT]: ['What is the priority of each item for the picnic?']
[COMPLETION]: For Food, Water and Firewood are respectively Low, Medium and High. For the Picnic, the priority for Food, Water and Firewood are respectively Low, Medium and High.
################################################################################
[PROMPT]: ['What is the priority of each item for the picnic?']
[COMPLETION]: For the picnic, the priority is Food, Water and Firewood.
################################################################################
[PROMPT]: ['What is the priority of each item for the picnic?']
[COMPLETION]: For Food, Water and Firewood, the priority for Food, Water and Firewood are respectively High, Medium and Low. For the picnic, the priority is respectively High, Medium and Low.
################################################################################
[PROMPT]: ['What is the priority of each item for the picnic?']
[COMPLETION]: For the picnic, the priority is: High, Low.
################################################################################
[PROMPT]: ['What is the priority of each item for the picnic?']
[COMPLETION]: For the picnic, the priority for Food, Water and Firewood are respectively Medium, High and Low. For the analysis, the priority for Food, Water and Firewood are respectively Low, High and Medium.
################################################################################
[PROMPT]: ['What is the priority of each item for the picnic?']
[COMPLETION]: For the Food, Water and Firewood: The priority for Food, Water and Firewood are respectively Medium, High and Low. For the Camping Trip: The priority for Food, Water and Firewood are respectively Medium, High and Low.
################################################################################
[PROMPT]: ['What is the priority of each item for the picnic?']
[COMPLETION]: For the Food, Water and Firewood respectively High, Medium and Low.
################################################################################
[PROMPT]: ['What is the priority of each item for the picnic?']
[COMPLETION]: For the Food, Water and Firewood are respectively Low, High and Medium. For the Baby, the priority is High.
################################################################################
[PROMPT]: ['What is the priority of each item for the picnic?']
[COMPLETION]: For the Food: High, Medium and Low. For the Firewood: High, Medium and Low. For the Water: High, Medium and Low.
################################################################################
[PROMPT]: ['What is the priority of each item for the picnic?']
[COMPLETION]: For the picnic, the priority for Food, Water and Firewood are respectively Low, High and Medium. For the picnic, the priority for Food, Water and Firewood are respectively Low, High and Medium.
################################################################################
[PROMPT]: ['What is the priority of each item for the picnic?']
[COMPLETION]: For the Food: High, Low and Medium. For the Water: High, Low and Medium. For the Firewood: High, Medium and Low.
################################################################################
[PROMPT]: ['What is the priority of each item for the picnic?']
[COMPLETION]: For the Food, Water and Firewood, respectively, High, Low and Medium. The priority for Food, Water and Firewood are respectively High, Low and Medium.
################################################################################
[PROMPT]: ['What is the priority of each item for the picnic?']
[COMPLETION]: For the Food, Water and Firewood, the priority is respectively Low, Medium and High. For the Firewood, the priority is High.
################################################################################
[PROMPT]: ['What is the priority of each item for the picnic?']
[COMPLETION]: For the picnic, the priority of Food, Water and Firewood are respectively Low, High and Medium. For the picnic, the priority of Food, Water and Firewood are respectively Low, Medium and High.
################################################################################
[PROMPT]: ['What is the priority of each item for the picnic?']
[COMPLETION]: For the Food: High, Medium and Low. For the Firewood: Low. For the Water: High.
################################################################################
[PROMPT]: ['What is the priority of each item for the picnic?']
[COMPLETION]: For the picnic, the priority for Food, Water and Firewood are respectively Low, High and Medium.
################################################################################
[PROMPT]: ['What is the priority of each item for the picnic?']
[COMPLETION]: For the picnic, the priority is Food, Water and Firewood. For the picnic, Food is the highest priority, Water is medium and Firewood is the lowest priority.
################################################################################
[PROMPT]: ['What is the priority of each item for the picnic?']
[COMPLETION]: For the Firewood, the priority is Low. For the Food and Water, the priority is Medium.
################################################################################
[PROMPT]: ['What is the priority of each item for the picnic?']
[COMPLETION]: For the Camper: The priority for Food, Water and Firewood are respectively High, Medium and Low. For the Hiker: The priority for Food, Water and Firewood are respectively High, Medium and Low.
################################################################################
[PROMPT]: ['What is the priority of each item for the picnic?']
[COMPLETION]: For Food, Water and Firewood: The priority for Food, Water and Firewood are respectively High, Medium and Low.
################################################################################
[PROMPT]: ['What is the priority of each item for the picnic?']
[COMPLETION]: For the Food, Water and Firewood, the priority is respectively Medium, High and Low.
################################################################################
[PROMPT]: ['What is the priority of each item for the picnic?']
[COMPLETION]: For the picnic, the priority for Food, Water and Firewood are respectively High, Medium and Low.
################################################################################
[PROMPT]: ['What is the priority of each item for the picnic?']
[COMPLETION]: For the picnic, the priority of Food, Water and Firewood are respectively High, Medium and Low.
################################################################################
[PROMPT]: ['What is the priority of each item for the picnic?']
[COMPLETION]: For Food, Water and Firewood: High, Medium and Low. respectively.
################################################################################
[PROMPT]: ['What is the priority of each item for the picnic?']
[COMPLETION]: For the picnic, the priority is Food, Water and Firewood respectively Low, Medium and High.
################################################################################
[PROMPT]: ['What is the priority of each item for the picnic?']
[COMPLETION]: For the picnic, the priority for Food, Water and Firewood are respectively High, Low and Medium.
################################################################################
[PROMPT]: ['What is the priority of each item for the picnic?']
[COMPLETION]: For the picnic, the priority for Food, Water and Firewood are respectively Medium, High and Low.
################################################################################
[PROMPT]: ['What is the priority of each item for the picnic?']
[COMPLETION]: For the picnic, the priority for Food, Water and Firewood are respectively Medium, High and Low.
################################################################################
[PROMPT]: ['What is the priority of each item for the picnic?']
[COMPLETION]: For the Food: High, Water: Medium, Firewood: Low.
################################################################################
[PROMPT]: ['What is the priority of each item for the picnic?']
[COMPLETION]: For the Food, Water and Firewood: High, Medium and Low.
################################################################################
[PROMPT]: ['What is the priority of each item for the picnic?']
[COMPLETION]: For the picnic, the priority for Food, Water and Firewood are respectively High, Medium and Low.
################################################################################
[PROMPT]: ['What is the priority of each item for the picnic?']
[COMPLETION]: For the picnic, the priority of Food, Water and Firewood are respectively Medium, High and Low.
################################################################################
[PROMPT]: ['What is the priority of each item for the picnic?']
[COMPLETION]: For the Food, Water and Firewood respectively Low, High and Medium.
################################################################################
[PROMPT]: ['What is the priority of each item for the picnic?']
[COMPLETION]: For the picnic, the priority for Food, Water and Firewood are respectively Low, Medium and High. For the dialog, the priority for Food, Water and Firewood are respectively Medium, Low and High.
################################################################################
[PROMPT]: ['What is the priority of each item for the picnic?']
[COMPLETION]: For Food, Water and Firewood are respectively High, Low and Medium. For the picnic, the priority for Food, Water and Firewood are respectively High, Low and Medium.
################################################################################
[PROMPT]: ['What is the priority of each item for the picnic?']
[COMPLETION]: For the picnic, the priority of Food, Water and Firewood are respectively Medium, Low and High.
################################################################################
[PROMPT]: ['What is the priority of each item for the picnic?']
[COMPLETION]: For the Food, Water and Firewood priorities are respectively High, Low and Medium. For the Picnic, the priority is Food.
################################################################################
[PROMPT]: ['What is the priority of each item for the picnic?']
[COMPLETION]: For the Food: High, Low. For the Firewood: Medium, Low. For the Water: Low.
################################################################################
[PROMPT]: ['What is the priority of each item for the picnic?']
[COMPLETION]: For the Food, Water and Firewood respectively Low, Medium and High. The priority for Food, Water and Firewood are respectively Medium, Low and High.
################################################################################
[PROMPT]: ['What is the priority of each item for the picnic?']
[COMPLETION]: For the Food, Water and Firewood, the priority is Medium, High and Low respectively.
################################################################################
[PROMPT]: ['What is the priority of each item for the picnic?']
[COMPLETION]: For the picnic, the priority for Food, Water and Firewood are respectively Medium, High and Low.
################################################################################
[PROMPT]: ['What is the priority of each item for the picnic?']
[COMPLETION]: For the picnic, the priority of Food, Water and Firewood are respectively Low, High and Medium.
################################################################################
[PROMPT]: ['What is the priority of each item for the picnic?']
[COMPLETION]: For the Food, Water and Firewood are respectively High, Low and Medium.
################################################################################
[PROMPT]: ['What is the priority of each item for the picnic?']
[COMPLETION]: For Food, Water and Firewood, the priority is respectively Low, Medium and High. For Food, Water and Firewood, the priority is respectively Low, Medium and High.
################################################################################
[PROMPT]: ['What is the priority of each item for the picnic?']
[COMPLETION]: For Food, Water and Firewood are respectively High, Medium and Low.
################################################################################
[PROMPT]: ['What is the priority of each item for the picnic?']
[COMPLETION]: For the picnic, the priority for Food, Water and Firewood are respectively High, Low and Medium.
################################################################################
[PROMPT]: ['What is the priority of each item for the picnic?']
[COMPLETION]: For the picnic, the priority for Food, Water and Firewood are respectively Low, High and Medium. For the picnic, the priority for Food, Water and Firewood are respectively Low, High and Medium.
################################################################################
[PROMPT]: ['What is the priority of each item for the picnic?']
[COMPLETION]: For the picnic, the priority for Food, Water and Firewood are respectively Medium, Low and High.
################################################################################
[PROMPT]: ['What is the priority of each item for the picnic?']
[COMPLETION]: For the picnic, the priority for Food, Water and Firewood are respectively High, Medium and Low.
################################################################################
[PROMPT]: ['What is the priority of each item for the picnic?']
[COMPLETION]: For the picnic, the priority for Food, Water and Firewood are respectively Low, High and Medium.
################################################################################
[PROMPT]: ['What is the priority of each item for the picnic?']
[COMPLETION]: For the picnic, the priority for Food, Water and Firewood are respectively High, Low and Medium. For the picnic, the priority for Food, Water and Firewood are respectively High, Low and Medium.
################################################################################
[PROMPT]: ['What is the priority of each item for the picnic?']
[COMPLETION]: For the picnic, the priority is: Food, Water and Firewood.
################################################################################
[PROMPT]: ['What is the priority of each item for the picnic?']
[COMPLETION]: For the Food, Water and Firewood respectively High, Medium and Low.
################################################################################
[PROMPT]: ['What is the priority of each item for the picnic?']
[COMPLETION]: For the Food, Water and Firewood respectively Low, Medium and High.
################################################################################
[PROMPT]: ['What is the priority of each item for the picnic?']
[COMPLETION]: For the Food, Water and Firewood respectively High, Medium and Low.
################################################################################
[PROMPT]: ['What is the priority of each item for the picnic?']
[COMPLETION]: For the Food, Water and Firewood, the priority is High, Low and Medium respectively.
################################################################################
[PROMPT]: ['What is the priority of each item for the picnic?']
[COMPLETION]: For Food, Water and Firewood, the priority is High, Low and Medium respectively.
################################################################################
[PROMPT]: ['What is the priority of each item for the picnic?']
[COMPLETION]: For the picnic, the priority of Food, Water and Firewood are respectively High, Low and Medium.
################################################################################
[PROMPT]: ['What is the priority of each item for the picnic?']
[COMPLETION]: For Food, Water and Firewood respectively Low, Medium and High.
################################################################################
[PROMPT]: ['What is the priority of each item for the picnic?']
[COMPLETION]: For the picnic, the priority for Food, Water and Firewood are respectively Low, High and Medium.
################################################################################
[PROMPT]: ['What is the priority of each item for the picnic?']
[COMPLETION]: For Food: High, Medium and Low. For Water: High, Low and Medium. For Firewood: High, Medium and Low.
################################################################################
[PROMPT]: ['What is the priority of each item for the picnic?']
[COMPLETION]: For the picnic, the priority for Food, Water and Firewood are respectively High, Low and Medium.
################################################################################
[PROMPT]: ['What is the priority of each item for the picnic?']
[COMPLETION]: For the picnic, the priority for Food, Water and Firewood are respectively Low, Medium and High.
################################################################################
[PROMPT]: ['What is the priority of each item for the picnic?']
[COMPLETION]: For the picnic, the priority of Food, Water and Firewood are respectively High, Medium and Low.
################################################################################
[PROMPT]: ['What is the priority of each item for the picnic?']
[COMPLETION]: For the Food, Water and Firewood, the priority is High, Medium and Low respectively. For the Food, Water and Firewood, the priority is High, Low and Medium respectively.
################################################################################
[PROMPT]: ['What is the priority of each item for the picnic?']
[COMPLETION]: For the picnic, the priority for Food, Water and Firewood are respectively Low, High and Medium. For the assistant, the priority for Food, Water and Firewood are respectively Low, High and Medium.
################################################################################
[PROMPT]: ['What is the priority of each item for the picnic?']
[COMPLETION]: For Food, Water and Firewood the priority is Medium, Low and High respectively.
################################################################################
[PROMPT]: ['What is the priority of each item for the picnic?']
[COMPLETION]: For the picnic, the priority for the Food Trimmer is Medium and Low. For the Campfire, the priority is High.
################################################################################
[PROMPT]: ['What is the priority of each item for the picnic?']
[COMPLETION]: For Food, Water and Firewood the priority is High, Medium and Low. For the Family, the priority is High, Medium and Low.
################################################################################
[PROMPT]: ['What is the priority of each item for the picnic?']
[COMPLETION]: For the picnic, the priority for Food, Water and Firewood are respectively Low, High and Medium. For the hike, the priority for Food, Water and Firewood are respectively Low, High and Medium.
################################################################################
[PROMPT]: ['What is the priority of each item for the picnic?']
[COMPLETION]: For Food, Water and Firewood the respective priorities are Medium, High and Low. For the picnic, the priority is Medium, High and Low.
################################################################################
[PROMPT]: ['What is the priority of each item for the picnic?']
[COMPLETION]: For the Water Bottle: The priority is High, Medium and Low. For the Food Bottle: The priority is Medium, Low and High. For the Firewood Bottle: The priority is Low, Medium and High.
################################################################################
[PROMPT]: ['What is the priority of each item for the picnic?']
[COMPLETION]: For the picnic, the priority for Food, Water and Firewood are respectively High, Low and Medium.
################################################################################
[PROMPT]: ['What is the priority of each item for the picnic?']
[COMPLETION]: For Food: High, Medium and Low. For Firewood: High, Medium and Low. For Water: Low.
################################################################################
[PROMPT]: ['What is the priority of each item for the picnic?']
[COMPLETION]: For the Food, Water and Firewood respectively, High, Low and Medium. The priority for Food, Water and Firewood are respectively Medium, High and Low.
################################################################################
[PROMPT]: ['What is the priority of each item for the picnic?']
[COMPLETION]: For the Food, Water and Firewood are respectively Low, Medium and High. For the Camping Environment, the priority is Desert.
################################################################################
[PROMPT]: ['What is the priority of each item for the picnic?']
[COMPLETION]: For the picnic, the priority is Food, Water and Firewood.
################################################################################
[PROMPT]: ['What is the priority of each item for the picnic?']
[COMPLETION]: For the picnic, the priority for Food, Water and Firewood are respectively Low, High and Medium. For the picnic, the priority for Food, Water and Firewood are respectively Low, High and Medium.
################################################################################
[PROMPT]: ['What is the priority of each item for the picnic?']
[COMPLETION]: For the picnic, the priority for Food, Water and Firewood are respectively High, Medium and Low.
################################################################################
[PROMPT]: ['What is the priority of each item for the picnic?']
[COMPLETION]: For the Food, Water and Firewood, the priority is respectively Medium, High and Low. For the Food, Water and Firewood, the priority is respectively Low, High and Medium. For the Food, Water and Firewood, the priority is respectively Low, High and Medium.
################################################################################
