
Loading checkpoint shards:   0%|          | 0/2 [00:00<?, ?it/s]
Loading checkpoint shards:  50%|â–ˆâ–ˆâ–ˆâ–ˆâ–ˆ     | 1/2 [00:03<00:03,  3.09s/it]
Loading checkpoint shards: 100%|â–ˆâ–ˆâ–ˆâ–ˆâ–ˆâ–ˆâ–ˆâ–ˆâ–ˆâ–ˆ| 2/2 [00:04<00:00,  2.01s/it]
Loading checkpoint shards: 100%|â–ˆâ–ˆâ–ˆâ–ˆâ–ˆâ–ˆâ–ˆâ–ˆâ–ˆâ–ˆ| 2/2 [00:04<00:00,  2.18s/it]

Loading checkpoint shards:   0%|          | 0/2 [00:00<?, ?it/s]
Loading checkpoint shards:  50%|â–ˆâ–ˆâ–ˆâ–ˆâ–ˆ     | 1/2 [00:00<00:00,  5.86it/s]
Loading checkpoint shards: 100%|â–ˆâ–ˆâ–ˆâ–ˆâ–ˆâ–ˆâ–ˆâ–ˆâ–ˆâ–ˆ| 2/2 [00:00<00:00,  7.27it/s]
Loading checkpoint shards: 100%|â–ˆâ–ˆâ–ˆâ–ˆâ–ˆâ–ˆâ–ˆâ–ˆâ–ˆâ–ˆ| 2/2 [00:00<00:00,  7.01it/s]

Steering Process:   0%|[34m          [0m| 0/711 [00:00<?, ?it/s]
Steering Process:   0%|[34m          [0m| 1/711 [00:00<05:26,  2.17it/s]
Steering Process:   0%|[34m          [0m| 2/711 [00:00<02:59,  3.95it/s]
Steering Process:   0%|[34m          [0m| 3/711 [00:00<02:16,  5.20it/s]
Steering Process:   1%|[34m          [0m| 4/711 [00:00<01:51,  6.36it/s]
Steering Process:   1%|[34m          [0m| 5/711 [00:00<01:38,  7.18it/s]
Steering Process:   1%|[34m          [0m| 6/711 [00:01<01:29,  7.84it/s]
Steering Process:   1%|[34m          [0m| 7/711 [00:01<01:24,  8.35it/s]
Steering Process:   1%|[34m          [0m| 8/711 [00:01<01:20,  8.72it/s]
Steering Process:   1%|[34mâ–         [0m| 9/711 [00:01<01:18,  8.95it/s]
Steering Process:   1%|[34mâ–         [0m| 10/711 [00:01<01:16,  9.17it/s]
Steering Process:   2%|[34mâ–         [0m| 11/711 [00:01<01:15,  9.31it/s]
Steering Process:   2%|[34mâ–         [0m| 12/711 [00:01<01:15,  9.25it/s]
Steering Process:   2%|[34mâ–         [0m| 13/711 [00:01<01:15,  9.22it/s]
Steering Process:   2%|[34mâ–         [0m| 14/711 [00:01<01:14,  9.33it/s]
Steering Process:   2%|[34mâ–         [0m| 15/711 [00:01<01:14,  9.38it/s]
Steering Process:   2%|[34mâ–         [0m| 16/711 [00:02<01:13,  9.41it/s]
Steering Process:   2%|[34mâ–         [0m| 17/711 [00:02<01:13,  9.45it/s]
Steering Process:   3%|[34mâ–Ž         [0m| 18/711 [00:02<01:12,  9.52it/s]
Steering Process:   3%|[34mâ–Ž         [0m| 19/711 [00:02<01:12,  9.55it/s]
Steering Process:   3%|[34mâ–Ž         [0m| 20/711 [00:02<01:12,  9.55it/s]
Steering Process:   3%|[34mâ–Ž         [0m| 21/711 [00:02<01:12,  9.57it/s]
Steering Process:   3%|[34mâ–Ž         [0m| 22/711 [00:02<01:13,  9.37it/s]
Steering Process:   3%|[34mâ–Ž         [0m| 23/711 [00:02<01:12,  9.43it/s]
Steering Process:   3%|[34mâ–Ž         [0m| 24/711 [00:02<01:26,  7.95it/s]
Steering Process:   4%|[34mâ–Ž         [0m| 25/711 [00:03<01:23,  8.24it/s]
Steering Process:   4%|[34mâ–Ž         [0m| 26/711 [00:03<01:19,  8.62it/s]
Steering Process:   4%|[34mâ–         [0m| 27/711 [00:03<01:16,  8.88it/s]
Steering Process:   4%|[34mâ–         [0m| 28/711 [00:03<01:15,  9.05it/s]
Steering Process:   4%|[34mâ–         [0m| 29/711 [00:03<01:14,  9.09it/s]
Steering Process:   4%|[34mâ–         [0m| 30/711 [00:03<01:13,  9.25it/s]
Steering Process:   4%|[34mâ–         [0m| 31/711 [00:03<01:12,  9.36it/s]
Steering Process:   5%|[34mâ–         [0m| 32/711 [00:03<01:12,  9.39it/s]
Steering Process:   5%|[34mâ–         [0m| 33/711 [00:03<01:11,  9.44it/s]
Steering Process:   5%|[34mâ–         [0m| 34/711 [00:04<01:11,  9.46it/s]
Steering Process:   5%|[34mâ–         [0m| 35/711 [00:04<01:11,  9.52it/s]
Steering Process:   5%|[34mâ–Œ         [0m| 36/711 [00:04<01:10,  9.56it/s]
Steering Process:   5%|[34mâ–Œ         [0m| 37/711 [00:04<01:10,  9.59it/s]
Steering Process:   5%|[34mâ–Œ         [0m| 38/711 [00:04<01:10,  9.60it/s]
Steering Process:   5%|[34mâ–Œ         [0m| 39/711 [00:04<01:09,  9.61it/s]
Steering Process:   6%|[34mâ–Œ         [0m| 40/711 [00:04<01:09,  9.61it/s]
Steering Process:   6%|[34mâ–Œ         [0m| 41/711 [00:04<01:09,  9.59it/s]
Steering Process:   6%|[34mâ–Œ         [0m| 42/711 [00:04<01:09,  9.61it/s]
Steering Process:   6%|[34mâ–Œ         [0m| 43/711 [00:04<01:09,  9.61it/s]
Steering Process:   6%|[34mâ–Œ         [0m| 44/711 [00:05<01:09,  9.57it/s]
Steering Process:   6%|[34mâ–‹         [0m| 45/711 [00:05<01:09,  9.60it/s]
Steering Process:   6%|[34mâ–‹         [0m| 46/711 [00:05<01:09,  9.63it/s]
Steering Process:   7%|[34mâ–‹         [0m| 47/711 [00:05<01:08,  9.63it/s]
Steering Process:   7%|[34mâ–‹         [0m| 48/711 [00:05<01:08,  9.67it/s]
Steering Process:   7%|[34mâ–‹         [0m| 49/711 [00:05<01:08,  9.66it/s]
Steering Process:   7%|[34mâ–‹         [0m| 50/711 [00:05<01:08,  9.67it/s]
Steering Process:   7%|[34mâ–‹         [0m| 51/711 [00:05<01:08,  9.69it/s]
Steering Process:   7%|[34mâ–‹         [0m| 52/711 [00:05<01:08,  9.62it/s]
Steering Process:   7%|[34mâ–‹         [0m| 53/711 [00:05<01:08,  9.60it/s]
Steering Process:   8%|[34mâ–Š         [0m| 54/711 [00:06<01:08,  9.60it/s]
Steering Process:   8%|[34mâ–Š         [0m| 55/711 [00:06<01:08,  9.64it/s]
Steering Process:   8%|[34mâ–Š         [0m| 56/711 [00:06<01:08,  9.53it/s]
Steering Process:   8%|[34mâ–Š         [0m| 57/711 [00:06<01:08,  9.52it/s]
Steering Process:   8%|[34mâ–Š         [0m| 58/711 [00:06<01:08,  9.58it/s]
Steering Process:   8%|[34mâ–Š         [0m| 59/711 [00:06<01:08,  9.55it/s]
Steering Process:   8%|[34mâ–Š         [0m| 60/711 [00:06<01:08,  9.48it/s]
Steering Process:   9%|[34mâ–Š         [0m| 61/711 [00:06<01:08,  9.48it/s]
Steering Process:   9%|[34mâ–Š         [0m| 62/711 [00:06<01:08,  9.54it/s]
Steering Process:   9%|[34mâ–‰         [0m| 63/711 [00:07<01:07,  9.54it/s]
Steering Process:   9%|[34mâ–‰         [0m| 64/711 [00:07<01:08,  9.41it/s]
Steering Process:   9%|[34mâ–‰         [0m| 65/711 [00:07<01:08,  9.41it/s]
Steering Process:   9%|[34mâ–‰         [0m| 66/711 [00:07<01:08,  9.42it/s]
Steering Process:   9%|[34mâ–‰         [0m| 67/711 [00:07<01:07,  9.47it/s]
Steering Process:  10%|[34mâ–‰         [0m| 68/711 [00:07<01:07,  9.51it/s]
Steering Process:  10%|[34mâ–‰         [0m| 69/711 [00:07<01:08,  9.43it/s]
Steering Process:  10%|[34mâ–‰         [0m| 70/711 [00:07<01:08,  9.43it/s]
Steering Process:  10%|[34mâ–‰         [0m| 71/711 [00:07<01:07,  9.47it/s]
Steering Process:  10%|[34mâ–ˆ         [0m| 72/711 [00:07<01:07,  9.49it/s]
Steering Process:  10%|[34mâ–ˆ         [0m| 73/711 [00:08<01:08,  9.37it/s]
Steering Process:  10%|[34mâ–ˆ         [0m| 74/711 [00:08<01:08,  9.34it/s]
Steering Process:  11%|[34mâ–ˆ         [0m| 75/711 [00:08<01:07,  9.38it/s]
Steering Process:  11%|[34mâ–ˆ         [0m| 76/711 [00:08<01:07,  9.45it/s]
Steering Process:  11%|[34mâ–ˆ         [0m| 77/711 [00:08<01:06,  9.52it/s]
Steering Process:  11%|[34mâ–ˆ         [0m| 78/711 [00:08<01:06,  9.56it/s]
Steering Process:  11%|[34mâ–ˆ         [0m| 79/711 [00:08<01:06,  9.54it/s]
Steering Process:  11%|[34mâ–ˆâ–        [0m| 80/711 [00:08<01:06,  9.55it/s]
Steering Process:  11%|[34mâ–ˆâ–        [0m| 81/711 [00:08<01:14,  8.44it/s]
Steering Process:  12%|[34mâ–ˆâ–        [0m| 82/711 [00:09<01:13,  8.61it/s]
Steering Process:  12%|[34mâ–ˆâ–        [0m| 83/711 [00:09<01:11,  8.84it/s]
Steering Process:  12%|[34mâ–ˆâ–        [0m| 84/711 [00:09<01:09,  9.02it/s]
Steering Process:  12%|[34mâ–ˆâ–        [0m| 85/711 [00:09<01:08,  9.19it/s]
Steering Process:  12%|[34mâ–ˆâ–        [0m| 86/711 [00:09<01:08,  9.15it/s]
Steering Process:  12%|[34mâ–ˆâ–        [0m| 87/711 [00:09<01:07,  9.23it/s]
Steering Process:  12%|[34mâ–ˆâ–        [0m| 88/711 [00:09<01:07,  9.22it/s]
Steering Process:  13%|[34mâ–ˆâ–Ž        [0m| 89/711 [00:09<01:06,  9.30it/s]
Steering Process:  13%|[34mâ–ˆâ–Ž        [0m| 90/711 [00:09<01:06,  9.39it/s]
Steering Process:  13%|[34mâ–ˆâ–Ž        [0m| 91/711 [00:10<01:05,  9.44it/s]
Steering Process:  13%|[34mâ–ˆâ–Ž        [0m| 92/711 [00:10<01:05,  9.48it/s]
Steering Process:  13%|[34mâ–ˆâ–Ž        [0m| 93/711 [00:10<01:04,  9.52it/s]
Steering Process:  13%|[34mâ–ˆâ–Ž        [0m| 94/711 [00:10<01:04,  9.60it/s]
Steering Process:  13%|[34mâ–ˆâ–Ž        [0m| 95/711 [00:10<01:03,  9.65it/s]
Steering Process:  14%|[34mâ–ˆâ–Ž        [0m| 96/711 [00:10<01:04,  9.59it/s]
Steering Process:  14%|[34mâ–ˆâ–Ž        [0m| 97/711 [00:10<01:04,  9.58it/s]
Steering Process:  14%|[34mâ–ˆâ–        [0m| 98/711 [00:10<01:03,  9.60it/s]
Steering Process:  14%|[34mâ–ˆâ–        [0m| 99/711 [00:10<01:04,  9.53it/s]
Steering Process:  14%|[34mâ–ˆâ–        [0m| 100/711 [00:11<01:14,  8.15it/s]
Steering Process:  14%|[34mâ–ˆâ–        [0m| 101/711 [00:11<01:13,  8.33it/s]
Steering Process:  14%|[34mâ–ˆâ–        [0m| 102/711 [00:11<01:10,  8.68it/s]
Steering Process:  14%|[34mâ–ˆâ–        [0m| 103/711 [00:11<01:08,  8.94it/s]
Steering Process:  15%|[34mâ–ˆâ–        [0m| 104/711 [00:11<01:06,  9.15it/s]
Steering Process:  15%|[34mâ–ˆâ–        [0m| 105/711 [00:11<01:05,  9.31it/s]
Steering Process:  15%|[34mâ–ˆâ–        [0m| 106/711 [00:11<01:04,  9.40it/s]
Steering Process:  15%|[34mâ–ˆâ–Œ        [0m| 107/711 [00:11<01:04,  9.38it/s]
Steering Process:  15%|[34mâ–ˆâ–Œ        [0m| 108/711 [00:11<01:04,  9.41it/s]
Steering Process:  15%|[34mâ–ˆâ–Œ        [0m| 109/711 [00:12<01:03,  9.48it/s]
Steering Process:  15%|[34mâ–ˆâ–Œ        [0m| 110/711 [00:12<01:02,  9.56it/s]
Steering Process:  16%|[34mâ–ˆâ–Œ        [0m| 111/711 [00:12<01:02,  9.63it/s]
Steering Process:  16%|[34mâ–ˆâ–Œ        [0m| 112/711 [00:12<01:02,  9.65it/s]
Steering Process:  16%|[34mâ–ˆâ–Œ        [0m| 113/711 [00:12<01:02,  9.63it/s]
Steering Process:  16%|[34mâ–ˆâ–Œ        [0m| 114/711 [00:12<01:12,  8.29it/s]
Steering Process:  16%|[34mâ–ˆâ–Œ        [0m| 115/711 [00:12<01:10,  8.51it/s]
Steering Process:  16%|[34mâ–ˆâ–‹        [0m| 116/711 [00:12<01:07,  8.83it/s]
Steering Process:  16%|[34mâ–ˆâ–‹        [0m| 117/711 [00:12<01:05,  9.04it/s]
Steering Process:  17%|[34mâ–ˆâ–‹        [0m| 118/711 [00:13<01:05,  9.06it/s]
Steering Process:  17%|[34mâ–ˆâ–‹        [0m| 119/711 [00:13<01:04,  9.18it/s]
Steering Process:  17%|[34mâ–ˆâ–‹        [0m| 120/711 [00:13<01:03,  9.32it/s]
Steering Process:  17%|[34mâ–ˆâ–‹        [0m| 121/711 [00:13<01:02,  9.46it/s]
Steering Process:  17%|[34mâ–ˆâ–‹        [0m| 122/711 [00:13<01:01,  9.51it/s]
Steering Process:  17%|[34mâ–ˆâ–‹        [0m| 123/711 [00:13<01:02,  9.39it/s]
Steering Process:  17%|[34mâ–ˆâ–‹        [0m| 124/711 [00:13<01:01,  9.50it/s]
Steering Process:  18%|[34mâ–ˆâ–Š        [0m| 125/711 [00:13<01:04,  9.03it/s]
Steering Process:  18%|[34mâ–ˆâ–Š        [0m| 126/711 [00:13<01:04,  9.07it/s]
Steering Process:  18%|[34mâ–ˆâ–Š        [0m| 127/711 [00:13<01:03,  9.13it/s]
Steering Process:  18%|[34mâ–ˆâ–Š        [0m| 128/711 [00:14<01:02,  9.27it/s]
Steering Process:  18%|[34mâ–ˆâ–Š        [0m| 129/711 [00:14<01:02,  9.32it/s]
Steering Process:  18%|[34mâ–ˆâ–Š        [0m| 130/711 [00:14<01:02,  9.31it/s]
Steering Process:  18%|[34mâ–ˆâ–Š        [0m| 131/711 [00:14<01:01,  9.40it/s]
Steering Process:  19%|[34mâ–ˆâ–Š        [0m| 132/711 [00:14<01:01,  9.44it/s]
Steering Process:  19%|[34mâ–ˆâ–Š        [0m| 133/711 [00:14<01:00,  9.49it/s]
Steering Process:  19%|[34mâ–ˆâ–‰        [0m| 134/711 [00:14<01:01,  9.46it/s]
Steering Process:  19%|[34mâ–ˆâ–‰        [0m| 135/711 [00:14<01:00,  9.53it/s]
Steering Process:  19%|[34mâ–ˆâ–‰        [0m| 136/711 [00:14<01:00,  9.56it/s]
Steering Process:  19%|[34mâ–ˆâ–‰        [0m| 137/711 [00:15<01:00,  9.56it/s]
Steering Process:  19%|[34mâ–ˆâ–‰        [0m| 138/711 [00:15<00:59,  9.59it/s]
Steering Process:  20%|[34mâ–ˆâ–‰        [0m| 139/711 [00:15<00:59,  9.64it/s]
Steering Process:  20%|[34mâ–ˆâ–‰        [0m| 140/711 [00:15<00:59,  9.62it/s]
Steering Process:  20%|[34mâ–ˆâ–‰        [0m| 141/711 [00:15<00:59,  9.65it/s]
Steering Process:  20%|[34mâ–ˆâ–‰        [0m| 142/711 [00:15<00:58,  9.68it/s]
Steering Process:  20%|[34mâ–ˆâ–ˆ        [0m| 143/711 [00:15<00:59,  9.62it/s]
Steering Process:  20%|[34mâ–ˆâ–ˆ        [0m| 144/711 [00:15<00:59,  9.60it/s]
Steering Process:  20%|[34mâ–ˆâ–ˆ        [0m| 145/711 [00:15<01:01,  9.17it/s]
Steering Process:  21%|[34mâ–ˆâ–ˆ        [0m| 146/711 [00:15<01:00,  9.27it/s]
Steering Process:  21%|[34mâ–ˆâ–ˆ        [0m| 147/711 [00:16<01:00,  9.39it/s]
Steering Process:  21%|[34mâ–ˆâ–ˆ        [0m| 148/711 [00:16<00:59,  9.48it/s]
Steering Process:  21%|[34mâ–ˆâ–ˆ        [0m| 149/711 [00:16<00:59,  9.41it/s]
Steering Process:  21%|[34mâ–ˆâ–ˆ        [0m| 150/711 [00:16<00:59,  9.47it/s]
Steering Process:  21%|[34mâ–ˆâ–ˆ        [0m| 151/711 [00:16<00:59,  9.44it/s]
Steering Process:  21%|[34mâ–ˆâ–ˆâ–       [0m| 152/711 [00:16<01:06,  8.38it/s]
Steering Process:  22%|[34mâ–ˆâ–ˆâ–       [0m| 153/711 [00:16<01:05,  8.56it/s]
Steering Process:  22%|[34mâ–ˆâ–ˆâ–       [0m| 154/711 [00:16<01:02,  8.87it/s]
Steering Process:  22%|[34mâ–ˆâ–ˆâ–       [0m| 155/711 [00:16<01:01,  9.10it/s]
Steering Process:  22%|[34mâ–ˆâ–ˆâ–       [0m| 156/711 [00:17<00:59,  9.26it/s]
Steering Process:  22%|[34mâ–ˆâ–ˆâ–       [0m| 157/711 [00:17<00:59,  9.37it/s]
Steering Process:  22%|[34mâ–ˆâ–ˆâ–       [0m| 158/711 [00:17<00:58,  9.42it/s]
Steering Process:  22%|[34mâ–ˆâ–ˆâ–       [0m| 159/711 [00:17<00:58,  9.44it/s]
Steering Process:  23%|[34mâ–ˆâ–ˆâ–Ž       [0m| 160/711 [00:17<01:01,  8.99it/s]
Steering Process:  23%|[34mâ–ˆâ–ˆâ–Ž       [0m| 161/711 [00:17<01:00,  9.03it/s]
Steering Process:  23%|[34mâ–ˆâ–ˆâ–Ž       [0m| 162/711 [00:17<00:59,  9.16it/s]
Steering Process:  23%|[34mâ–ˆâ–ˆâ–Ž       [0m| 163/711 [00:17<00:59,  9.28it/s]
Steering Process:  23%|[34mâ–ˆâ–ˆâ–Ž       [0m| 164/711 [00:17<00:58,  9.41it/s]
Steering Process:  23%|[34mâ–ˆâ–ˆâ–Ž       [0m| 165/711 [00:18<00:58,  9.33it/s]
Steering Process:  23%|[34mâ–ˆâ–ˆâ–Ž       [0m| 166/711 [00:18<01:01,  8.88it/s]
Steering Process:  23%|[34mâ–ˆâ–ˆâ–Ž       [0m| 167/711 [00:18<01:00,  8.96it/s]
Steering Process:  24%|[34mâ–ˆâ–ˆâ–Ž       [0m| 168/711 [00:18<00:59,  9.10it/s]
Steering Process:  24%|[34mâ–ˆâ–ˆâ–       [0m| 169/711 [00:18<00:58,  9.27it/s]
Steering Process:  24%|[34mâ–ˆâ–ˆâ–       [0m| 170/711 [00:18<00:57,  9.38it/s]
Steering Process:  24%|[34mâ–ˆâ–ˆâ–       [0m| 171/711 [00:18<00:57,  9.46it/s]
Steering Process:  24%|[34mâ–ˆâ–ˆâ–       [0m| 172/711 [00:18<00:56,  9.51it/s]
Steering Process:  24%|[34mâ–ˆâ–ˆâ–       [0m| 173/711 [00:18<00:56,  9.48it/s]
Steering Process:  24%|[34mâ–ˆâ–ˆâ–       [0m| 174/711 [00:19<00:59,  8.97it/s]
Steering Process:  25%|[34mâ–ˆâ–ˆâ–       [0m| 175/711 [00:19<00:59,  9.02it/s]
Steering Process:  25%|[34mâ–ˆâ–ˆâ–       [0m| 176/711 [00:19<01:00,  8.85it/s]
Steering Process:  25%|[34mâ–ˆâ–ˆâ–       [0m| 177/711 [00:19<01:01,  8.66it/s]
Steering Process:  25%|[34mâ–ˆâ–ˆâ–Œ       [0m| 178/711 [00:19<01:00,  8.86it/s]
Steering Process:  25%|[34mâ–ˆâ–ˆâ–Œ       [0m| 179/711 [00:19<00:58,  9.07it/s]
Steering Process:  25%|[34mâ–ˆâ–ˆâ–Œ       [0m| 180/711 [00:19<00:57,  9.24it/s]
Steering Process:  25%|[34mâ–ˆâ–ˆâ–Œ       [0m| 181/711 [00:19<00:56,  9.37it/s]
Steering Process:  26%|[34mâ–ˆâ–ˆâ–Œ       [0m| 182/711 [00:19<00:56,  9.39it/s]
Steering Process:  26%|[34mâ–ˆâ–ˆâ–Œ       [0m| 183/711 [00:20<00:55,  9.44it/s]
Steering Process:  26%|[34mâ–ˆâ–ˆâ–Œ       [0m| 184/711 [00:20<00:56,  9.38it/s]
Steering Process:  26%|[34mâ–ˆâ–ˆâ–Œ       [0m| 185/711 [00:20<00:55,  9.42it/s]
Steering Process:  26%|[34mâ–ˆâ–ˆâ–Œ       [0m| 186/711 [00:20<00:55,  9.49it/s]
Steering Process:  26%|[34mâ–ˆâ–ˆâ–‹       [0m| 187/711 [00:20<00:54,  9.54it/s]
Steering Process:  26%|[34mâ–ˆâ–ˆâ–‹       [0m| 188/711 [00:20<00:55,  9.43it/s]
Steering Process:  27%|[34mâ–ˆâ–ˆâ–‹       [0m| 189/711 [00:20<00:54,  9.50it/s]
Steering Process:  27%|[34mâ–ˆâ–ˆâ–‹       [0m| 190/711 [00:20<00:54,  9.54it/s]
Steering Process:  27%|[34mâ–ˆâ–ˆâ–‹       [0m| 191/711 [00:20<00:54,  9.55it/s]
Steering Process:  27%|[34mâ–ˆâ–ˆâ–‹       [0m| 192/711 [00:20<00:54,  9.59it/s]
Steering Process:  27%|[34mâ–ˆâ–ˆâ–‹       [0m| 193/711 [00:21<00:54,  9.48it/s]
Steering Process:  27%|[34mâ–ˆâ–ˆâ–‹       [0m| 194/711 [00:21<00:54,  9.56it/s]
Steering Process:  27%|[34mâ–ˆâ–ˆâ–‹       [0m| 195/711 [00:21<00:53,  9.59it/s]
Steering Process:  28%|[34mâ–ˆâ–ˆâ–Š       [0m| 196/711 [00:21<00:53,  9.62it/s]
Steering Process:  28%|[34mâ–ˆâ–ˆâ–Š       [0m| 197/711 [00:21<00:54,  9.47it/s]
Steering Process:  28%|[34mâ–ˆâ–ˆâ–Š       [0m| 198/711 [00:21<00:54,  9.46it/s]
Steering Process:  28%|[34mâ–ˆâ–ˆâ–Š       [0m| 199/711 [00:21<00:54,  9.46it/s]
Steering Process:  28%|[34mâ–ˆâ–ˆâ–Š       [0m| 200/711 [00:21<00:53,  9.52it/s]
Steering Process:  28%|[34mâ–ˆâ–ˆâ–Š       [0m| 201/711 [00:21<00:53,  9.52it/s]
Steering Process:  28%|[34mâ–ˆâ–ˆâ–Š       [0m| 202/711 [00:21<00:53,  9.55it/s]
Steering Process:  29%|[34mâ–ˆâ–ˆâ–Š       [0m| 203/711 [00:22<00:55,  9.16it/s]
Steering Process:  29%|[34mâ–ˆâ–ˆâ–Š       [0m| 204/711 [00:22<00:54,  9.27it/s]
Steering Process:  29%|[34mâ–ˆâ–ˆâ–‰       [0m| 205/711 [00:22<00:54,  9.35it/s]
Steering Process:  29%|[34mâ–ˆâ–ˆâ–‰       [0m| 206/711 [00:22<00:53,  9.36it/s]
Steering Process:  29%|[34mâ–ˆâ–ˆâ–‰       [0m| 207/711 [00:22<00:53,  9.46it/s]
Steering Process:  29%|[34mâ–ˆâ–ˆâ–‰       [0m| 208/711 [00:22<00:52,  9.50it/s]
Steering Process:  29%|[34mâ–ˆâ–ˆâ–‰       [0m| 209/711 [00:22<00:53,  9.38it/s]
Steering Process:  30%|[34mâ–ˆâ–ˆâ–‰       [0m| 210/711 [00:22<00:53,  9.35it/s]
Steering Process:  30%|[34mâ–ˆâ–ˆâ–‰       [0m| 211/711 [00:22<00:53,  9.42it/s]
Steering Process:  30%|[34mâ–ˆâ–ˆâ–‰       [0m| 212/711 [00:23<00:53,  9.37it/s]
Steering Process:  30%|[34mâ–ˆâ–ˆâ–‰       [0m| 213/711 [00:23<00:53,  9.37it/s]
Steering Process:  30%|[34mâ–ˆâ–ˆâ–ˆ       [0m| 214/711 [00:23<00:52,  9.42it/s]
Steering Process:  30%|[34mâ–ˆâ–ˆâ–ˆ       [0m| 215/711 [00:23<00:53,  9.31it/s]
Steering Process:  30%|[34mâ–ˆâ–ˆâ–ˆ       [0m| 216/711 [00:23<00:52,  9.36it/s]
Steering Process:  31%|[34mâ–ˆâ–ˆâ–ˆ       [0m| 217/711 [00:23<00:52,  9.41it/s]
Steering Process:  31%|[34mâ–ˆâ–ˆâ–ˆ       [0m| 218/711 [00:23<00:51,  9.50it/s]
Steering Process:  31%|[34mâ–ˆâ–ˆâ–ˆ       [0m| 219/711 [00:23<00:51,  9.48it/s]
Steering Process:  31%|[34mâ–ˆâ–ˆâ–ˆ       [0m| 220/711 [00:23<00:56,  8.64it/s]
Steering Process:  31%|[34mâ–ˆâ–ˆâ–ˆ       [0m| 221/711 [00:24<00:56,  8.65it/s]
Steering Process:  31%|[34mâ–ˆâ–ˆâ–ˆ       [0m| 222/711 [00:24<00:54,  8.92it/s]
Steering Process:  31%|[34mâ–ˆâ–ˆâ–ˆâ–      [0m| 223/711 [00:24<00:53,  9.09it/s]
Steering Process:  32%|[34mâ–ˆâ–ˆâ–ˆâ–      [0m| 224/711 [00:24<00:52,  9.25it/s]
Steering Process:  32%|[34mâ–ˆâ–ˆâ–ˆâ–      [0m| 225/711 [00:24<00:51,  9.35it/s]
Steering Process:  32%|[34mâ–ˆâ–ˆâ–ˆâ–      [0m| 226/711 [00:24<00:52,  9.32it/s]
Steering Process:  32%|[34mâ–ˆâ–ˆâ–ˆâ–      [0m| 227/711 [00:24<00:51,  9.41it/s]
Steering Process:  32%|[34mâ–ˆâ–ˆâ–ˆâ–      [0m| 228/711 [00:24<00:51,  9.46it/s]
Steering Process:  32%|[34mâ–ˆâ–ˆâ–ˆâ–      [0m| 229/711 [00:24<00:50,  9.46it/s]
Steering Process:  32%|[34mâ–ˆâ–ˆâ–ˆâ–      [0m| 230/711 [00:25<00:51,  9.35it/s]
Steering Process:  32%|[34mâ–ˆâ–ˆâ–ˆâ–      [0m| 231/711 [00:25<00:51,  9.35it/s]
Steering Process:  33%|[34mâ–ˆâ–ˆâ–ˆâ–Ž      [0m| 232/711 [00:25<00:51,  9.33it/s]
Steering Process:  33%|[34mâ–ˆâ–ˆâ–ˆâ–Ž      [0m| 233/711 [00:25<00:50,  9.38it/s]
Steering Process:  33%|[34mâ–ˆâ–ˆâ–ˆâ–Ž      [0m| 234/711 [00:25<00:50,  9.47it/s]
Steering Process:  33%|[34mâ–ˆâ–ˆâ–ˆâ–Ž      [0m| 235/711 [00:25<00:50,  9.50it/s]
Steering Process:  33%|[34mâ–ˆâ–ˆâ–ˆâ–Ž      [0m| 236/711 [00:25<00:49,  9.57it/s]
Steering Process:  33%|[34mâ–ˆâ–ˆâ–ˆâ–Ž      [0m| 237/711 [00:25<00:49,  9.60it/s]
Steering Process:  33%|[34mâ–ˆâ–ˆâ–ˆâ–Ž      [0m| 238/711 [00:25<00:49,  9.64it/s]
Steering Process:  34%|[34mâ–ˆâ–ˆâ–ˆâ–Ž      [0m| 239/711 [00:25<00:49,  9.63it/s]
Steering Process:  34%|[34mâ–ˆâ–ˆâ–ˆâ–      [0m| 240/711 [00:26<00:59,  7.87it/s]
Steering Process:  34%|[34mâ–ˆâ–ˆâ–ˆâ–      [0m| 241/711 [00:26<00:57,  8.18it/s]
Steering Process:  34%|[34mâ–ˆâ–ˆâ–ˆâ–      [0m| 242/711 [00:26<00:54,  8.56it/s]
Steering Process:  34%|[34mâ–ˆâ–ˆâ–ˆâ–      [0m| 243/711 [00:26<00:53,  8.83it/s]
Steering Process:  34%|[34mâ–ˆâ–ˆâ–ˆâ–      [0m| 244/711 [00:26<00:52,  8.92it/s]
Steering Process:  34%|[34mâ–ˆâ–ˆâ–ˆâ–      [0m| 245/711 [00:26<00:50,  9.14it/s]
Steering Process:  35%|[34mâ–ˆâ–ˆâ–ˆâ–      [0m| 246/711 [00:26<00:49,  9.32it/s]
Steering Process:  35%|[34mâ–ˆâ–ˆâ–ˆâ–      [0m| 247/711 [00:26<00:49,  9.40it/s]
Steering Process:  35%|[34mâ–ˆâ–ˆâ–ˆâ–      [0m| 248/711 [00:26<00:48,  9.48it/s]
Steering Process:  35%|[34mâ–ˆâ–ˆâ–ˆâ–Œ      [0m| 249/711 [00:27<00:51,  8.97it/s]
Steering Process:  35%|[34mâ–ˆâ–ˆâ–ˆâ–Œ      [0m| 250/711 [00:27<00:51,  9.03it/s]
Steering Process:  35%|[34mâ–ˆâ–ˆâ–ˆâ–Œ      [0m| 251/711 [00:27<00:49,  9.22it/s]
Steering Process:  35%|[34mâ–ˆâ–ˆâ–ˆâ–Œ      [0m| 252/711 [00:27<00:49,  9.33it/s]
Steering Process:  36%|[34mâ–ˆâ–ˆâ–ˆâ–Œ      [0m| 253/711 [00:27<00:48,  9.42it/s]
Steering Process:  36%|[34mâ–ˆâ–ˆâ–ˆâ–Œ      [0m| 254/711 [00:27<00:47,  9.53it/s]
Steering Process:  36%|[34mâ–ˆâ–ˆâ–ˆâ–Œ      [0m| 255/711 [00:27<00:47,  9.54it/s]
Steering Process:  36%|[34mâ–ˆâ–ˆâ–ˆâ–Œ      [0m| 256/711 [00:27<00:47,  9.60it/s]
Steering Process:  36%|[34mâ–ˆâ–ˆâ–ˆâ–Œ      [0m| 257/711 [00:27<00:47,  9.56it/s]
Steering Process:  36%|[34mâ–ˆâ–ˆâ–ˆâ–‹      [0m| 258/711 [00:28<00:47,  9.62it/s]
Steering Process:  36%|[34mâ–ˆâ–ˆâ–ˆâ–‹      [0m| 259/711 [00:28<00:46,  9.65it/s]
Steering Process:  37%|[34mâ–ˆâ–ˆâ–ˆâ–‹      [0m| 260/711 [00:28<00:46,  9.64it/s]
Steering Process:  37%|[34mâ–ˆâ–ˆâ–ˆâ–‹      [0m| 261/711 [00:28<00:46,  9.62it/s]
Steering Process:  37%|[34mâ–ˆâ–ˆâ–ˆâ–‹      [0m| 262/711 [00:28<00:46,  9.63it/s]
Steering Process:  37%|[34mâ–ˆâ–ˆâ–ˆâ–‹      [0m| 263/711 [00:28<00:47,  9.51it/s]
Steering Process:  37%|[34mâ–ˆâ–ˆâ–ˆâ–‹      [0m| 264/711 [00:28<00:46,  9.57it/s]
Steering Process:  37%|[34mâ–ˆâ–ˆâ–ˆâ–‹      [0m| 265/711 [00:28<00:46,  9.55it/s]
Steering Process:  37%|[34mâ–ˆâ–ˆâ–ˆâ–‹      [0m| 266/711 [00:28<00:46,  9.57it/s]
Steering Process:  38%|[34mâ–ˆâ–ˆâ–ˆâ–Š      [0m| 267/711 [00:28<00:46,  9.55it/s]
Steering Process:  38%|[34mâ–ˆâ–ˆâ–ˆâ–Š      [0m| 268/711 [00:29<00:46,  9.57it/s]
Steering Process:  38%|[34mâ–ˆâ–ˆâ–ˆâ–Š      [0m| 269/711 [00:29<00:46,  9.53it/s]
Steering Process:  38%|[34mâ–ˆâ–ˆâ–ˆâ–Š      [0m| 270/711 [00:29<00:46,  9.58it/s]
Steering Process:  38%|[34mâ–ˆâ–ˆâ–ˆâ–Š      [0m| 271/711 [00:29<00:46,  9.44it/s]
Steering Process:  38%|[34mâ–ˆâ–ˆâ–ˆâ–Š      [0m| 272/711 [00:29<00:46,  9.49it/s]
Steering Process:  38%|[34mâ–ˆâ–ˆâ–ˆâ–Š      [0m| 273/711 [00:29<00:45,  9.55it/s]
Steering Process:  39%|[34mâ–ˆâ–ˆâ–ˆâ–Š      [0m| 274/711 [00:29<00:45,  9.55it/s]
Steering Process:  39%|[34mâ–ˆâ–ˆâ–ˆâ–Š      [0m| 275/711 [00:29<00:45,  9.61it/s]
Steering Process:  39%|[34mâ–ˆâ–ˆâ–ˆâ–‰      [0m| 276/711 [00:29<00:45,  9.58it/s]
Steering Process:  39%|[34mâ–ˆâ–ˆâ–ˆâ–‰      [0m| 277/711 [00:30<00:45,  9.57it/s]
Steering Process:  39%|[34mâ–ˆâ–ˆâ–ˆâ–‰      [0m| 278/711 [00:30<00:47,  9.08it/s]
Steering Process:  39%|[34mâ–ˆâ–ˆâ–ˆâ–‰      [0m| 279/711 [00:30<00:47,  9.12it/s]
Steering Process:  39%|[34mâ–ˆâ–ˆâ–ˆâ–‰      [0m| 280/711 [00:30<00:46,  9.25it/s]
Steering Process:  40%|[34mâ–ˆâ–ˆâ–ˆâ–‰      [0m| 281/711 [00:30<00:45,  9.37it/s]
Steering Process:  40%|[34mâ–ˆâ–ˆâ–ˆâ–‰      [0m| 282/711 [00:30<00:45,  9.43it/s]
Steering Process:  40%|[34mâ–ˆâ–ˆâ–ˆâ–‰      [0m| 283/711 [00:30<00:47,  9.10it/s]
Steering Process:  40%|[34mâ–ˆâ–ˆâ–ˆâ–‰      [0m| 284/711 [00:30<00:46,  9.22it/s]
Steering Process:  40%|[34mâ–ˆâ–ˆâ–ˆâ–ˆ      [0m| 285/711 [00:30<00:45,  9.32it/s]
Steering Process:  40%|[34mâ–ˆâ–ˆâ–ˆâ–ˆ      [0m| 286/711 [00:31<00:45,  9.41it/s]
Steering Process:  40%|[34mâ–ˆâ–ˆâ–ˆâ–ˆ      [0m| 287/711 [00:31<00:44,  9.51it/s]
Steering Process:  41%|[34mâ–ˆâ–ˆâ–ˆâ–ˆ      [0m| 288/711 [00:31<00:44,  9.48it/s]
Steering Process:  41%|[34mâ–ˆâ–ˆâ–ˆâ–ˆ      [0m| 289/711 [00:31<00:44,  9.56it/s]
Steering Process:  41%|[34mâ–ˆâ–ˆâ–ˆâ–ˆ      [0m| 290/711 [00:31<00:43,  9.58it/s]
Steering Process:  41%|[34mâ–ˆâ–ˆâ–ˆâ–ˆ      [0m| 291/711 [00:31<00:43,  9.61it/s]
Steering Process:  41%|[34mâ–ˆâ–ˆâ–ˆâ–ˆ      [0m| 292/711 [00:31<00:43,  9.61it/s]
Steering Process:  41%|[34mâ–ˆâ–ˆâ–ˆâ–ˆ      [0m| 293/711 [00:31<00:43,  9.55it/s]
Steering Process:  41%|[34mâ–ˆâ–ˆâ–ˆâ–ˆâ–     [0m| 294/711 [00:31<00:43,  9.59it/s]
Steering Process:  41%|[34mâ–ˆâ–ˆâ–ˆâ–ˆâ–     [0m| 295/711 [00:31<00:45,  9.22it/s]
Steering Process:  42%|[34mâ–ˆâ–ˆâ–ˆâ–ˆâ–     [0m| 296/711 [00:32<00:44,  9.23it/s]
Steering Process:  42%|[34mâ–ˆâ–ˆâ–ˆâ–ˆâ–     [0m| 297/711 [00:32<00:45,  9.19it/s]
Steering Process:  42%|[34mâ–ˆâ–ˆâ–ˆâ–ˆâ–     [0m| 298/711 [00:32<00:44,  9.22it/s]
Steering Process:  42%|[34mâ–ˆâ–ˆâ–ˆâ–ˆâ–     [0m| 299/711 [00:32<00:44,  9.35it/s]
Steering Process:  42%|[34mâ–ˆâ–ˆâ–ˆâ–ˆâ–     [0m| 300/711 [00:32<00:45,  9.04it/s]
Steering Process:  42%|[34mâ–ˆâ–ˆâ–ˆâ–ˆâ–     [0m| 301/711 [00:32<00:45,  8.96it/s]
Steering Process:  42%|[34mâ–ˆâ–ˆâ–ˆâ–ˆâ–     [0m| 302/711 [00:32<00:45,  9.01it/s]
Steering Process:  43%|[34mâ–ˆâ–ˆâ–ˆâ–ˆâ–Ž     [0m| 303/711 [00:32<00:44,  9.11it/s]
Steering Process:  43%|[34mâ–ˆâ–ˆâ–ˆâ–ˆâ–Ž     [0m| 304/711 [00:32<00:43,  9.27it/s]
Steering Process:  43%|[34mâ–ˆâ–ˆâ–ˆâ–ˆâ–Ž     [0m| 305/711 [00:33<00:43,  9.25it/s]
Steering Process:  43%|[34mâ–ˆâ–ˆâ–ˆâ–ˆâ–Ž     [0m| 306/711 [00:33<00:43,  9.21it/s]
Steering Process:  43%|[34mâ–ˆâ–ˆâ–ˆâ–ˆâ–Ž     [0m| 307/711 [00:33<00:44,  9.18it/s]
Steering Process:  43%|[34mâ–ˆâ–ˆâ–ˆâ–ˆâ–Ž     [0m| 308/711 [00:33<00:43,  9.31it/s]
Steering Process:  43%|[34mâ–ˆâ–ˆâ–ˆâ–ˆâ–Ž     [0m| 309/711 [00:33<00:43,  9.33it/s]
Steering Process:  44%|[34mâ–ˆâ–ˆâ–ˆâ–ˆâ–Ž     [0m| 310/711 [00:33<00:45,  8.88it/s]
Steering Process:  44%|[34mâ–ˆâ–ˆâ–ˆâ–ˆâ–Ž     [0m| 311/711 [00:33<00:45,  8.86it/s]
Steering Process:  44%|[34mâ–ˆâ–ˆâ–ˆâ–ˆâ–     [0m| 312/711 [00:33<00:49,  8.03it/s]
Steering Process:  44%|[34mâ–ˆâ–ˆâ–ˆâ–ˆâ–     [0m| 313/711 [00:33<00:48,  8.28it/s]
Steering Process:  44%|[34mâ–ˆâ–ˆâ–ˆâ–ˆâ–     [0m| 314/711 [00:34<00:46,  8.61it/s]
Steering Process:  44%|[34mâ–ˆâ–ˆâ–ˆâ–ˆâ–     [0m| 315/711 [00:34<00:44,  8.91it/s]
Steering Process:  44%|[34mâ–ˆâ–ˆâ–ˆâ–ˆâ–     [0m| 316/711 [00:34<00:44,  8.96it/s]
Steering Process:  45%|[34mâ–ˆâ–ˆâ–ˆâ–ˆâ–     [0m| 317/711 [00:34<00:43,  9.09it/s]
Steering Process:  45%|[34mâ–ˆâ–ˆâ–ˆâ–ˆâ–     [0m| 318/711 [00:34<00:42,  9.23it/s]
Steering Process:  45%|[34mâ–ˆâ–ˆâ–ˆâ–ˆâ–     [0m| 319/711 [00:34<00:42,  9.31it/s]
Steering Process:  45%|[34mâ–ˆâ–ˆâ–ˆâ–ˆâ–Œ     [0m| 320/711 [00:34<00:41,  9.36it/s]
Steering Process:  45%|[34mâ–ˆâ–ˆâ–ˆâ–ˆâ–Œ     [0m| 321/711 [00:34<00:41,  9.47it/s]
Steering Process:  45%|[34mâ–ˆâ–ˆâ–ˆâ–ˆâ–Œ     [0m| 322/711 [00:34<00:41,  9.48it/s]
Steering Process:  45%|[34mâ–ˆâ–ˆâ–ˆâ–ˆâ–Œ     [0m| 323/711 [00:35<00:41,  9.40it/s]
Steering Process:  46%|[34mâ–ˆâ–ˆâ–ˆâ–ˆâ–Œ     [0m| 324/711 [00:35<00:40,  9.46it/s]
Steering Process:  46%|[34mâ–ˆâ–ˆâ–ˆâ–ˆâ–Œ     [0m| 325/711 [00:35<00:40,  9.55it/s]
Steering Process:  46%|[34mâ–ˆâ–ˆâ–ˆâ–ˆâ–Œ     [0m| 326/711 [00:35<00:40,  9.58it/s]
Steering Process:  46%|[34mâ–ˆâ–ˆâ–ˆâ–ˆâ–Œ     [0m| 327/711 [00:35<00:40,  9.59it/s]
Steering Process:  46%|[34mâ–ˆâ–ˆâ–ˆâ–ˆâ–Œ     [0m| 328/711 [00:35<00:39,  9.63it/s]
Steering Process:  46%|[34mâ–ˆâ–ˆâ–ˆâ–ˆâ–‹     [0m| 329/711 [00:35<00:39,  9.64it/s]
Steering Process:  46%|[34mâ–ˆâ–ˆâ–ˆâ–ˆâ–‹     [0m| 330/711 [00:35<00:39,  9.68it/s]
Steering Process:  47%|[34mâ–ˆâ–ˆâ–ˆâ–ˆâ–‹     [0m| 331/711 [00:35<00:39,  9.51it/s]
Steering Process:  47%|[34mâ–ˆâ–ˆâ–ˆâ–ˆâ–‹     [0m| 332/711 [00:35<00:39,  9.49it/s]
Steering Process:  47%|[34mâ–ˆâ–ˆâ–ˆâ–ˆâ–‹     [0m| 333/711 [00:36<00:39,  9.51it/s]
Steering Process:  47%|[34mâ–ˆâ–ˆâ–ˆâ–ˆâ–‹     [0m| 334/711 [00:36<00:39,  9.53it/s]
Steering Process:  47%|[34mâ–ˆâ–ˆâ–ˆâ–ˆâ–‹     [0m| 335/711 [00:36<00:39,  9.53it/s]
Steering Process:  47%|[34mâ–ˆâ–ˆâ–ˆâ–ˆâ–‹     [0m| 336/711 [00:36<00:39,  9.53it/s]
Steering Process:  47%|[34mâ–ˆâ–ˆâ–ˆâ–ˆâ–‹     [0m| 337/711 [00:36<00:39,  9.53it/s]
Steering Process:  48%|[34mâ–ˆâ–ˆâ–ˆâ–ˆâ–Š     [0m| 338/711 [00:36<00:39,  9.56it/s]
Steering Process:  48%|[34mâ–ˆâ–ˆâ–ˆâ–ˆâ–Š     [0m| 339/711 [00:36<00:38,  9.57it/s]
Steering Process:  48%|[34mâ–ˆâ–ˆâ–ˆâ–ˆâ–Š     [0m| 340/711 [00:36<00:38,  9.59it/s]
Steering Process:  48%|[34mâ–ˆâ–ˆâ–ˆâ–ˆâ–Š     [0m| 341/711 [00:36<00:38,  9.58it/s]
Steering Process:  48%|[34mâ–ˆâ–ˆâ–ˆâ–ˆâ–Š     [0m| 342/711 [00:37<00:38,  9.49it/s]
Steering Process:  48%|[34mâ–ˆâ–ˆâ–ˆâ–ˆâ–Š     [0m| 343/711 [00:37<00:38,  9.47it/s]
Steering Process:  48%|[34mâ–ˆâ–ˆâ–ˆâ–ˆâ–Š     [0m| 344/711 [00:37<00:38,  9.49it/s]
Steering Process:  49%|[34mâ–ˆâ–ˆâ–ˆâ–ˆâ–Š     [0m| 345/711 [00:37<00:40,  9.10it/s]
Steering Process:  49%|[34mâ–ˆâ–ˆâ–ˆâ–ˆâ–Š     [0m| 346/711 [00:37<00:39,  9.17it/s]
Steering Process:  49%|[34mâ–ˆâ–ˆâ–ˆâ–ˆâ–‰     [0m| 347/711 [00:37<00:41,  8.80it/s]
Steering Process:  49%|[34mâ–ˆâ–ˆâ–ˆâ–ˆâ–‰     [0m| 348/711 [00:37<00:44,  8.15it/s]
Steering Process:  49%|[34mâ–ˆâ–ˆâ–ˆâ–ˆâ–‰     [0m| 349/711 [00:37<00:43,  8.31it/s]
Steering Process:  49%|[34mâ–ˆâ–ˆâ–ˆâ–ˆâ–‰     [0m| 350/711 [00:37<00:41,  8.60it/s]
Steering Process:  49%|[34mâ–ˆâ–ˆâ–ˆâ–ˆâ–‰     [0m| 351/711 [00:38<00:40,  8.93it/s]
Steering Process:  50%|[34mâ–ˆâ–ˆâ–ˆâ–ˆâ–‰     [0m| 352/711 [00:38<00:39,  9.15it/s]
Steering Process:  50%|[34mâ–ˆâ–ˆâ–ˆâ–ˆâ–‰     [0m| 353/711 [00:38<00:38,  9.26it/s]
Steering Process:  50%|[34mâ–ˆâ–ˆâ–ˆâ–ˆâ–‰     [0m| 354/711 [00:38<00:38,  9.26it/s]
Steering Process:  50%|[34mâ–ˆâ–ˆâ–ˆâ–ˆâ–‰     [0m| 355/711 [00:38<00:38,  9.34it/s]
Steering Process:  50%|[34mâ–ˆâ–ˆâ–ˆâ–ˆâ–ˆ     [0m| 356/711 [00:38<00:37,  9.42it/s]
Steering Process:  50%|[34mâ–ˆâ–ˆâ–ˆâ–ˆâ–ˆ     [0m| 357/711 [00:38<00:37,  9.51it/s]
Steering Process:  50%|[34mâ–ˆâ–ˆâ–ˆâ–ˆâ–ˆ     [0m| 358/711 [00:38<00:37,  9.43it/s]
Steering Process:  50%|[34mâ–ˆâ–ˆâ–ˆâ–ˆâ–ˆ     [0m| 359/711 [00:38<00:37,  9.37it/s]
Steering Process:  51%|[34mâ–ˆâ–ˆâ–ˆâ–ˆâ–ˆ     [0m| 360/711 [00:39<00:38,  9.03it/s]
Steering Process:  51%|[34mâ–ˆâ–ˆâ–ˆâ–ˆâ–ˆ     [0m| 361/711 [00:39<00:38,  9.11it/s]
Steering Process:  51%|[34mâ–ˆâ–ˆâ–ˆâ–ˆâ–ˆ     [0m| 362/711 [00:39<00:37,  9.26it/s]
Steering Process:  51%|[34mâ–ˆâ–ˆâ–ˆâ–ˆâ–ˆ     [0m| 363/711 [00:39<00:37,  9.31it/s]
Steering Process:  51%|[34mâ–ˆâ–ˆâ–ˆâ–ˆâ–ˆ     [0m| 364/711 [00:39<00:36,  9.41it/s]
Steering Process:  51%|[34mâ–ˆâ–ˆâ–ˆâ–ˆâ–ˆâ–    [0m| 365/711 [00:39<00:37,  9.31it/s]
Steering Process:  51%|[34mâ–ˆâ–ˆâ–ˆâ–ˆâ–ˆâ–    [0m| 366/711 [00:39<00:36,  9.39it/s]
Steering Process:  52%|[34mâ–ˆâ–ˆâ–ˆâ–ˆâ–ˆâ–    [0m| 367/711 [00:39<00:36,  9.43it/s]
Steering Process:  52%|[34mâ–ˆâ–ˆâ–ˆâ–ˆâ–ˆâ–    [0m| 368/711 [00:39<00:36,  9.49it/s]
Steering Process:  52%|[34mâ–ˆâ–ˆâ–ˆâ–ˆâ–ˆâ–    [0m| 369/711 [00:39<00:35,  9.51it/s]
Steering Process:  52%|[34mâ–ˆâ–ˆâ–ˆâ–ˆâ–ˆâ–    [0m| 370/711 [00:40<00:35,  9.57it/s]
Steering Process:  52%|[34mâ–ˆâ–ˆâ–ˆâ–ˆâ–ˆâ–    [0m| 371/711 [00:40<00:35,  9.57it/s]
Steering Process:  52%|[34mâ–ˆâ–ˆâ–ˆâ–ˆâ–ˆâ–    [0m| 372/711 [00:40<00:35,  9.50it/s]
Steering Process:  52%|[34mâ–ˆâ–ˆâ–ˆâ–ˆâ–ˆâ–    [0m| 373/711 [00:40<00:35,  9.51it/s]
Steering Process:  53%|[34mâ–ˆâ–ˆâ–ˆâ–ˆâ–ˆâ–Ž    [0m| 374/711 [00:40<00:35,  9.60it/s]
Steering Process:  53%|[34mâ–ˆâ–ˆâ–ˆâ–ˆâ–ˆâ–Ž    [0m| 375/711 [00:40<00:35,  9.59it/s]
Steering Process:  53%|[34mâ–ˆâ–ˆâ–ˆâ–ˆâ–ˆâ–Ž    [0m| 376/711 [00:40<00:34,  9.57it/s]
Steering Process:  53%|[34mâ–ˆâ–ˆâ–ˆâ–ˆâ–ˆâ–Ž    [0m| 377/711 [00:40<00:34,  9.57it/s]
Steering Process:  53%|[34mâ–ˆâ–ˆâ–ˆâ–ˆâ–ˆâ–Ž    [0m| 378/711 [00:40<00:34,  9.60it/s]
Steering Process:  53%|[34mâ–ˆâ–ˆâ–ˆâ–ˆâ–ˆâ–Ž    [0m| 379/711 [00:41<00:34,  9.61it/s]
Steering Process:  53%|[34mâ–ˆâ–ˆâ–ˆâ–ˆâ–ˆâ–Ž    [0m| 380/711 [00:41<00:34,  9.60it/s]
Steering Process:  54%|[34mâ–ˆâ–ˆâ–ˆâ–ˆâ–ˆâ–Ž    [0m| 381/711 [00:41<00:34,  9.59it/s]
Steering Process:  54%|[34mâ–ˆâ–ˆâ–ˆâ–ˆâ–ˆâ–Ž    [0m| 382/711 [00:41<00:34,  9.48it/s]
Steering Process:  54%|[34mâ–ˆâ–ˆâ–ˆâ–ˆâ–ˆâ–    [0m| 383/711 [00:41<00:34,  9.47it/s]
Steering Process:  54%|[34mâ–ˆâ–ˆâ–ˆâ–ˆâ–ˆâ–    [0m| 384/711 [00:41<00:34,  9.55it/s]
Steering Process:  54%|[34mâ–ˆâ–ˆâ–ˆâ–ˆâ–ˆâ–    [0m| 385/711 [00:41<00:34,  9.55it/s]
Steering Process:  54%|[34mâ–ˆâ–ˆâ–ˆâ–ˆâ–ˆâ–    [0m| 386/711 [00:41<00:33,  9.57it/s]
Steering Process:  54%|[34mâ–ˆâ–ˆâ–ˆâ–ˆâ–ˆâ–    [0m| 387/711 [00:41<00:37,  8.74it/s]
Steering Process:  55%|[34mâ–ˆâ–ˆâ–ˆâ–ˆâ–ˆâ–    [0m| 388/711 [00:41<00:36,  8.88it/s]
Steering Process:  55%|[34mâ–ˆâ–ˆâ–ˆâ–ˆâ–ˆâ–    [0m| 389/711 [00:42<00:35,  8.95it/s]
Steering Process:  55%|[34mâ–ˆâ–ˆâ–ˆâ–ˆâ–ˆâ–    [0m| 390/711 [00:42<00:35,  9.11it/s]
Steering Process:  55%|[34mâ–ˆâ–ˆâ–ˆâ–ˆâ–ˆâ–    [0m| 391/711 [00:42<00:34,  9.27it/s]
Steering Process:  55%|[34mâ–ˆâ–ˆâ–ˆâ–ˆâ–ˆâ–Œ    [0m| 392/711 [00:42<00:34,  9.37it/s]
Steering Process:  55%|[34mâ–ˆâ–ˆâ–ˆâ–ˆâ–ˆâ–Œ    [0m| 393/711 [00:42<00:33,  9.43it/s]
Steering Process:  55%|[34mâ–ˆâ–ˆâ–ˆâ–ˆâ–ˆâ–Œ    [0m| 394/711 [00:42<00:33,  9.34it/s]
Steering Process:  56%|[34mâ–ˆâ–ˆâ–ˆâ–ˆâ–ˆâ–Œ    [0m| 395/711 [00:42<00:33,  9.37it/s]
Steering Process:  56%|[34mâ–ˆâ–ˆâ–ˆâ–ˆâ–ˆâ–Œ    [0m| 396/711 [00:42<00:33,  9.29it/s]
Steering Process:  56%|[34mâ–ˆâ–ˆâ–ˆâ–ˆâ–ˆâ–Œ    [0m| 397/711 [00:42<00:33,  9.37it/s]
Steering Process:  56%|[34mâ–ˆâ–ˆâ–ˆâ–ˆâ–ˆâ–Œ    [0m| 398/711 [00:43<00:33,  9.48it/s]
Steering Process:  56%|[34mâ–ˆâ–ˆâ–ˆâ–ˆâ–ˆâ–Œ    [0m| 399/711 [00:43<00:32,  9.56it/s]
Steering Process:  56%|[34mâ–ˆâ–ˆâ–ˆâ–ˆâ–ˆâ–‹    [0m| 400/711 [00:43<00:32,  9.57it/s]
Steering Process:  56%|[34mâ–ˆâ–ˆâ–ˆâ–ˆâ–ˆâ–‹    [0m| 401/711 [00:43<00:32,  9.57it/s]
Steering Process:  57%|[34mâ–ˆâ–ˆâ–ˆâ–ˆâ–ˆâ–‹    [0m| 402/711 [00:43<00:32,  9.52it/s]
Steering Process:  57%|[34mâ–ˆâ–ˆâ–ˆâ–ˆâ–ˆâ–‹    [0m| 403/711 [00:43<00:32,  9.54it/s]
Steering Process:  57%|[34mâ–ˆâ–ˆâ–ˆâ–ˆâ–ˆâ–‹    [0m| 404/711 [00:43<00:32,  9.55it/s]
Steering Process:  57%|[34mâ–ˆâ–ˆâ–ˆâ–ˆâ–ˆâ–‹    [0m| 405/711 [00:43<00:32,  9.40it/s]
Steering Process:  57%|[34mâ–ˆâ–ˆâ–ˆâ–ˆâ–ˆâ–‹    [0m| 406/711 [00:43<00:32,  9.36it/s]
Steering Process:  57%|[34mâ–ˆâ–ˆâ–ˆâ–ˆâ–ˆâ–‹    [0m| 407/711 [00:43<00:32,  9.42it/s]
Steering Process:  57%|[34mâ–ˆâ–ˆâ–ˆâ–ˆâ–ˆâ–‹    [0m| 408/711 [00:44<00:32,  9.46it/s]
Steering Process:  58%|[34mâ–ˆâ–ˆâ–ˆâ–ˆâ–ˆâ–Š    [0m| 409/711 [00:44<00:32,  9.42it/s]
Steering Process:  58%|[34mâ–ˆâ–ˆâ–ˆâ–ˆâ–ˆâ–Š    [0m| 410/711 [00:44<00:31,  9.47it/s]
Steering Process:  58%|[34mâ–ˆâ–ˆâ–ˆâ–ˆâ–ˆâ–Š    [0m| 411/711 [00:44<00:31,  9.52it/s]
Steering Process:  58%|[34mâ–ˆâ–ˆâ–ˆâ–ˆâ–ˆâ–Š    [0m| 412/711 [00:44<00:31,  9.53it/s]
Steering Process:  58%|[34mâ–ˆâ–ˆâ–ˆâ–ˆâ–ˆâ–Š    [0m| 413/711 [00:44<00:31,  9.55it/s]
Steering Process:  58%|[34mâ–ˆâ–ˆâ–ˆâ–ˆâ–ˆâ–Š    [0m| 414/711 [00:44<00:31,  9.57it/s]
Steering Process:  58%|[34mâ–ˆâ–ˆâ–ˆâ–ˆâ–ˆâ–Š    [0m| 415/711 [00:44<00:31,  9.46it/s]
Steering Process:  59%|[34mâ–ˆâ–ˆâ–ˆâ–ˆâ–ˆâ–Š    [0m| 416/711 [00:44<00:34,  8.62it/s]
Steering Process:  59%|[34mâ–ˆâ–ˆâ–ˆâ–ˆâ–ˆâ–Š    [0m| 417/711 [00:45<00:34,  8.64it/s]
Steering Process:  59%|[34mâ–ˆâ–ˆâ–ˆâ–ˆâ–ˆâ–‰    [0m| 418/711 [00:45<00:32,  8.92it/s]
Steering Process:  59%|[34mâ–ˆâ–ˆâ–ˆâ–ˆâ–ˆâ–‰    [0m| 419/711 [00:45<00:32,  9.11it/s]
Steering Process:  59%|[34mâ–ˆâ–ˆâ–ˆâ–ˆâ–ˆâ–‰    [0m| 420/711 [00:45<00:31,  9.23it/s]
Steering Process:  59%|[34mâ–ˆâ–ˆâ–ˆâ–ˆâ–ˆâ–‰    [0m| 421/711 [00:45<00:31,  9.34it/s]
Steering Process:  59%|[34mâ–ˆâ–ˆâ–ˆâ–ˆâ–ˆâ–‰    [0m| 422/711 [00:45<00:30,  9.46it/s]
Steering Process:  59%|[34mâ–ˆâ–ˆâ–ˆâ–ˆâ–ˆâ–‰    [0m| 423/711 [00:45<00:30,  9.47it/s]
Steering Process:  60%|[34mâ–ˆâ–ˆâ–ˆâ–ˆâ–ˆâ–‰    [0m| 424/711 [00:45<00:30,  9.53it/s]
Steering Process:  60%|[34mâ–ˆâ–ˆâ–ˆâ–ˆâ–ˆâ–‰    [0m| 425/711 [00:45<00:30,  9.52it/s]
Steering Process:  60%|[34mâ–ˆâ–ˆâ–ˆâ–ˆâ–ˆâ–‰    [0m| 426/711 [00:46<00:29,  9.59it/s]
Steering Process:  60%|[34mâ–ˆâ–ˆâ–ˆâ–ˆâ–ˆâ–ˆ    [0m| 427/711 [00:46<00:29,  9.62it/s]
Steering Process:  60%|[34mâ–ˆâ–ˆâ–ˆâ–ˆâ–ˆâ–ˆ    [0m| 428/711 [00:46<00:31,  9.00it/s]
Steering Process:  60%|[34mâ–ˆâ–ˆâ–ˆâ–ˆâ–ˆâ–ˆ    [0m| 429/711 [00:46<00:31,  8.89it/s]
Steering Process:  60%|[34mâ–ˆâ–ˆâ–ˆâ–ˆâ–ˆâ–ˆ    [0m| 430/711 [00:46<00:30,  9.09it/s]
Steering Process:  61%|[34mâ–ˆâ–ˆâ–ˆâ–ˆâ–ˆâ–ˆ    [0m| 431/711 [00:46<00:30,  9.25it/s]
Steering Process:  61%|[34mâ–ˆâ–ˆâ–ˆâ–ˆâ–ˆâ–ˆ    [0m| 432/711 [00:46<00:29,  9.35it/s]
Steering Process:  61%|[34mâ–ˆâ–ˆâ–ˆâ–ˆâ–ˆâ–ˆ    [0m| 433/711 [00:46<00:29,  9.32it/s]
Steering Process:  61%|[34mâ–ˆâ–ˆâ–ˆâ–ˆâ–ˆâ–ˆ    [0m| 434/711 [00:46<00:29,  9.31it/s]
Steering Process:  61%|[34mâ–ˆâ–ˆâ–ˆâ–ˆâ–ˆâ–ˆ    [0m| 435/711 [00:47<00:29,  9.34it/s]
Steering Process:  61%|[34mâ–ˆâ–ˆâ–ˆâ–ˆâ–ˆâ–ˆâ–   [0m| 436/711 [00:47<00:29,  9.27it/s]
Steering Process:  61%|[34mâ–ˆâ–ˆâ–ˆâ–ˆâ–ˆâ–ˆâ–   [0m| 437/711 [00:47<00:30,  8.97it/s]
Steering Process:  62%|[34mâ–ˆâ–ˆâ–ˆâ–ˆâ–ˆâ–ˆâ–   [0m| 438/711 [00:47<00:29,  9.11it/s]
Steering Process:  62%|[34mâ–ˆâ–ˆâ–ˆâ–ˆâ–ˆâ–ˆâ–   [0m| 439/711 [00:47<00:29,  9.29it/s]
Steering Process:  62%|[34mâ–ˆâ–ˆâ–ˆâ–ˆâ–ˆâ–ˆâ–   [0m| 440/711 [00:47<00:28,  9.36it/s]
Steering Process:  62%|[34mâ–ˆâ–ˆâ–ˆâ–ˆâ–ˆâ–ˆâ–   [0m| 441/711 [00:47<00:28,  9.42it/s]
Steering Process:  62%|[34mâ–ˆâ–ˆâ–ˆâ–ˆâ–ˆâ–ˆâ–   [0m| 442/711 [00:47<00:28,  9.49it/s]
Steering Process:  62%|[34mâ–ˆâ–ˆâ–ˆâ–ˆâ–ˆâ–ˆâ–   [0m| 443/711 [00:47<00:28,  9.51it/s]
Steering Process:  62%|[34mâ–ˆâ–ˆâ–ˆâ–ˆâ–ˆâ–ˆâ–   [0m| 444/711 [00:47<00:27,  9.57it/s]
Steering Process:  63%|[34mâ–ˆâ–ˆâ–ˆâ–ˆâ–ˆâ–ˆâ–Ž   [0m| 445/711 [00:48<00:29,  9.03it/s]
Steering Process:  63%|[34mâ–ˆâ–ˆâ–ˆâ–ˆâ–ˆâ–ˆâ–Ž   [0m| 446/711 [00:48<00:32,  8.25it/s]
Steering Process:  63%|[34mâ–ˆâ–ˆâ–ˆâ–ˆâ–ˆâ–ˆâ–Ž   [0m| 447/711 [00:48<00:31,  8.45it/s]
Steering Process:  63%|[34mâ–ˆâ–ˆâ–ˆâ–ˆâ–ˆâ–ˆâ–Ž   [0m| 448/711 [00:48<00:29,  8.81it/s]
Steering Process:  63%|[34mâ–ˆâ–ˆâ–ˆâ–ˆâ–ˆâ–ˆâ–Ž   [0m| 449/711 [00:48<00:31,  8.29it/s]
Steering Process:  63%|[34mâ–ˆâ–ˆâ–ˆâ–ˆâ–ˆâ–ˆâ–Ž   [0m| 450/711 [00:48<00:30,  8.54it/s]
Steering Process:  63%|[34mâ–ˆâ–ˆâ–ˆâ–ˆâ–ˆâ–ˆâ–Ž   [0m| 451/711 [00:48<00:29,  8.73it/s]
Steering Process:  64%|[34mâ–ˆâ–ˆâ–ˆâ–ˆâ–ˆâ–ˆâ–Ž   [0m| 452/711 [00:48<00:29,  8.88it/s]
Steering Process:  64%|[34mâ–ˆâ–ˆâ–ˆâ–ˆâ–ˆâ–ˆâ–Ž   [0m| 453/711 [00:49<00:28,  9.08it/s]
Steering Process:  64%|[34mâ–ˆâ–ˆâ–ˆâ–ˆâ–ˆâ–ˆâ–   [0m| 454/711 [00:49<00:27,  9.25it/s]
Steering Process:  64%|[34mâ–ˆâ–ˆâ–ˆâ–ˆâ–ˆâ–ˆâ–   [0m| 455/711 [00:49<00:27,  9.25it/s]
Steering Process:  64%|[34mâ–ˆâ–ˆâ–ˆâ–ˆâ–ˆâ–ˆâ–   [0m| 456/711 [00:49<00:28,  8.93it/s]
Steering Process:  64%|[34mâ–ˆâ–ˆâ–ˆâ–ˆâ–ˆâ–ˆâ–   [0m| 457/711 [00:49<00:28,  8.86it/s]
Steering Process:  64%|[34mâ–ˆâ–ˆâ–ˆâ–ˆâ–ˆâ–ˆâ–   [0m| 458/711 [00:49<00:28,  8.90it/s]
Steering Process:  65%|[34mâ–ˆâ–ˆâ–ˆâ–ˆâ–ˆâ–ˆâ–   [0m| 459/711 [00:49<00:27,  9.07it/s]
Steering Process:  65%|[34mâ–ˆâ–ˆâ–ˆâ–ˆâ–ˆâ–ˆâ–   [0m| 460/711 [00:49<00:27,  9.22it/s]
Steering Process:  65%|[34mâ–ˆâ–ˆâ–ˆâ–ˆâ–ˆâ–ˆâ–   [0m| 461/711 [00:49<00:26,  9.32it/s]
Steering Process:  65%|[34mâ–ˆâ–ˆâ–ˆâ–ˆâ–ˆâ–ˆâ–   [0m| 462/711 [00:49<00:26,  9.43it/s]
Steering Process:  65%|[34mâ–ˆâ–ˆâ–ˆâ–ˆâ–ˆâ–ˆâ–Œ   [0m| 463/711 [00:50<00:26,  9.49it/s]
Steering Process:  65%|[34mâ–ˆâ–ˆâ–ˆâ–ˆâ–ˆâ–ˆâ–Œ   [0m| 464/711 [00:50<00:25,  9.57it/s]
Steering Process:  65%|[34mâ–ˆâ–ˆâ–ˆâ–ˆâ–ˆâ–ˆâ–Œ   [0m| 465/711 [00:50<00:25,  9.58it/s]
Steering Process:  66%|[34mâ–ˆâ–ˆâ–ˆâ–ˆâ–ˆâ–ˆâ–Œ   [0m| 466/711 [00:50<00:25,  9.58it/s]
Steering Process:  66%|[34mâ–ˆâ–ˆâ–ˆâ–ˆâ–ˆâ–ˆâ–Œ   [0m| 467/711 [00:50<00:25,  9.58it/s]
Steering Process:  66%|[34mâ–ˆâ–ˆâ–ˆâ–ˆâ–ˆâ–ˆâ–Œ   [0m| 468/711 [00:50<00:28,  8.47it/s]
Steering Process:  66%|[34mâ–ˆâ–ˆâ–ˆâ–ˆâ–ˆâ–ˆâ–Œ   [0m| 469/711 [00:50<00:27,  8.66it/s]
Steering Process:  66%|[34mâ–ˆâ–ˆâ–ˆâ–ˆâ–ˆâ–ˆâ–Œ   [0m| 470/711 [00:50<00:29,  8.19it/s]
Steering Process:  66%|[34mâ–ˆâ–ˆâ–ˆâ–ˆâ–ˆâ–ˆâ–Œ   [0m| 471/711 [00:51<00:28,  8.45it/s]
Steering Process:  66%|[34mâ–ˆâ–ˆâ–ˆâ–ˆâ–ˆâ–ˆâ–‹   [0m| 472/711 [00:51<00:27,  8.79it/s]
Steering Process:  67%|[34mâ–ˆâ–ˆâ–ˆâ–ˆâ–ˆâ–ˆâ–‹   [0m| 473/711 [00:51<00:26,  9.01it/s]
Steering Process:  67%|[34mâ–ˆâ–ˆâ–ˆâ–ˆâ–ˆâ–ˆâ–‹   [0m| 474/711 [00:51<00:25,  9.17it/s]
Steering Process:  67%|[34mâ–ˆâ–ˆâ–ˆâ–ˆâ–ˆâ–ˆâ–‹   [0m| 475/711 [00:51<00:25,  9.24it/s]
Steering Process:  67%|[34mâ–ˆâ–ˆâ–ˆâ–ˆâ–ˆâ–ˆâ–‹   [0m| 476/711 [00:51<00:25,  9.33it/s]
Steering Process:  67%|[34mâ–ˆâ–ˆâ–ˆâ–ˆâ–ˆâ–ˆâ–‹   [0m| 477/711 [00:51<00:24,  9.41it/s]
Steering Process:  67%|[34mâ–ˆâ–ˆâ–ˆâ–ˆâ–ˆâ–ˆâ–‹   [0m| 478/711 [00:51<00:24,  9.47it/s]
Steering Process:  67%|[34mâ–ˆâ–ˆâ–ˆâ–ˆâ–ˆâ–ˆâ–‹   [0m| 479/711 [00:51<00:24,  9.51it/s]
Steering Process:  68%|[34mâ–ˆâ–ˆâ–ˆâ–ˆâ–ˆâ–ˆâ–Š   [0m| 480/711 [00:51<00:24,  9.58it/s]
Steering Process:  68%|[34mâ–ˆâ–ˆâ–ˆâ–ˆâ–ˆâ–ˆâ–Š   [0m| 481/711 [00:52<00:23,  9.59it/s]
Steering Process:  68%|[34mâ–ˆâ–ˆâ–ˆâ–ˆâ–ˆâ–ˆâ–Š   [0m| 482/711 [00:52<00:23,  9.60it/s]
Steering Process:  68%|[34mâ–ˆâ–ˆâ–ˆâ–ˆâ–ˆâ–ˆâ–Š   [0m| 483/711 [00:52<00:23,  9.55it/s]
Steering Process:  68%|[34mâ–ˆâ–ˆâ–ˆâ–ˆâ–ˆâ–ˆâ–Š   [0m| 484/711 [00:52<00:23,  9.53it/s]
Steering Process:  68%|[34mâ–ˆâ–ˆâ–ˆâ–ˆâ–ˆâ–ˆâ–Š   [0m| 485/711 [00:52<00:23,  9.52it/s]
Steering Process:  68%|[34mâ–ˆâ–ˆâ–ˆâ–ˆâ–ˆâ–ˆâ–Š   [0m| 486/711 [00:52<00:23,  9.56it/s]
Steering Process:  68%|[34mâ–ˆâ–ˆâ–ˆâ–ˆâ–ˆâ–ˆâ–Š   [0m| 487/711 [00:52<00:23,  9.56it/s]
Steering Process:  69%|[34mâ–ˆâ–ˆâ–ˆâ–ˆâ–ˆâ–ˆâ–Š   [0m| 488/711 [00:52<00:23,  9.63it/s]
Steering Process:  69%|[34mâ–ˆâ–ˆâ–ˆâ–ˆâ–ˆâ–ˆâ–‰   [0m| 489/711 [00:52<00:23,  9.64it/s]
Steering Process:  69%|[34mâ–ˆâ–ˆâ–ˆâ–ˆâ–ˆâ–ˆâ–‰   [0m| 490/711 [00:53<00:22,  9.67it/s]
Steering Process:  69%|[34mâ–ˆâ–ˆâ–ˆâ–ˆâ–ˆâ–ˆâ–‰   [0m| 491/711 [00:53<00:22,  9.64it/s]
Steering Process:  69%|[34mâ–ˆâ–ˆâ–ˆâ–ˆâ–ˆâ–ˆâ–‰   [0m| 492/711 [00:53<00:22,  9.61it/s]
Steering Process:  69%|[34mâ–ˆâ–ˆâ–ˆâ–ˆâ–ˆâ–ˆâ–‰   [0m| 493/711 [00:53<00:23,  9.46it/s]
Steering Process:  69%|[34mâ–ˆâ–ˆâ–ˆâ–ˆâ–ˆâ–ˆâ–‰   [0m| 494/711 [00:53<00:22,  9.48it/s]
Steering Process:  70%|[34mâ–ˆâ–ˆâ–ˆâ–ˆâ–ˆâ–ˆâ–‰   [0m| 495/711 [00:53<00:22,  9.46it/s]
Steering Process:  70%|[34mâ–ˆâ–ˆâ–ˆâ–ˆâ–ˆâ–ˆâ–‰   [0m| 496/711 [00:53<00:22,  9.47it/s]
Steering Process:  70%|[34mâ–ˆâ–ˆâ–ˆâ–ˆâ–ˆâ–ˆâ–‰   [0m| 497/711 [00:53<00:22,  9.39it/s]
Steering Process:  70%|[34mâ–ˆâ–ˆâ–ˆâ–ˆâ–ˆâ–ˆâ–ˆ   [0m| 498/711 [00:53<00:22,  9.32it/s]
Steering Process:  70%|[34mâ–ˆâ–ˆâ–ˆâ–ˆâ–ˆâ–ˆâ–ˆ   [0m| 499/711 [00:53<00:22,  9.33it/s]
Steering Process:  70%|[34mâ–ˆâ–ˆâ–ˆâ–ˆâ–ˆâ–ˆâ–ˆ   [0m| 500/711 [00:54<00:22,  9.39it/s]
Steering Process:  70%|[34mâ–ˆâ–ˆâ–ˆâ–ˆâ–ˆâ–ˆâ–ˆ   [0m| 501/711 [00:54<00:22,  9.44it/s]
Steering Process:  71%|[34mâ–ˆâ–ˆâ–ˆâ–ˆâ–ˆâ–ˆâ–ˆ   [0m| 502/711 [00:54<00:22,  9.48it/s]
Steering Process:  71%|[34mâ–ˆâ–ˆâ–ˆâ–ˆâ–ˆâ–ˆâ–ˆ   [0m| 503/711 [00:54<00:21,  9.50it/s]
Steering Process:  71%|[34mâ–ˆâ–ˆâ–ˆâ–ˆâ–ˆâ–ˆâ–ˆ   [0m| 504/711 [00:54<00:24,  8.34it/s]
Steering Process:  71%|[34mâ–ˆâ–ˆâ–ˆâ–ˆâ–ˆâ–ˆâ–ˆ   [0m| 505/711 [00:54<00:24,  8.50it/s]
Steering Process:  71%|[34mâ–ˆâ–ˆâ–ˆâ–ˆâ–ˆâ–ˆâ–ˆ   [0m| 506/711 [00:54<00:23,  8.79it/s]
Steering Process:  71%|[34mâ–ˆâ–ˆâ–ˆâ–ˆâ–ˆâ–ˆâ–ˆâ–  [0m| 507/711 [00:54<00:22,  9.01it/s]
Steering Process:  71%|[34mâ–ˆâ–ˆâ–ˆâ–ˆâ–ˆâ–ˆâ–ˆâ–  [0m| 508/711 [00:54<00:22,  9.11it/s]
Steering Process:  72%|[34mâ–ˆâ–ˆâ–ˆâ–ˆâ–ˆâ–ˆâ–ˆâ–  [0m| 509/711 [00:55<00:21,  9.20it/s]
Steering Process:  72%|[34mâ–ˆâ–ˆâ–ˆâ–ˆâ–ˆâ–ˆâ–ˆâ–  [0m| 510/711 [00:55<00:21,  9.15it/s]
Steering Process:  72%|[34mâ–ˆâ–ˆâ–ˆâ–ˆâ–ˆâ–ˆâ–ˆâ–  [0m| 511/711 [00:55<00:21,  9.09it/s]
Steering Process:  72%|[34mâ–ˆâ–ˆâ–ˆâ–ˆâ–ˆâ–ˆâ–ˆâ–  [0m| 512/711 [00:55<00:21,  9.26it/s]
Steering Process:  72%|[34mâ–ˆâ–ˆâ–ˆâ–ˆâ–ˆâ–ˆâ–ˆâ–  [0m| 513/711 [00:55<00:21,  9.36it/s]
Steering Process:  72%|[34mâ–ˆâ–ˆâ–ˆâ–ˆâ–ˆâ–ˆâ–ˆâ–  [0m| 514/711 [00:55<00:21,  9.32it/s]
Steering Process:  72%|[34mâ–ˆâ–ˆâ–ˆâ–ˆâ–ˆâ–ˆâ–ˆâ–  [0m| 515/711 [00:55<00:20,  9.40it/s]
Steering Process:  73%|[34mâ–ˆâ–ˆâ–ˆâ–ˆâ–ˆâ–ˆâ–ˆâ–Ž  [0m| 516/711 [00:55<00:20,  9.47it/s]
Steering Process:  73%|[34mâ–ˆâ–ˆâ–ˆâ–ˆâ–ˆâ–ˆâ–ˆâ–Ž  [0m| 517/711 [00:55<00:20,  9.51it/s]
Steering Process:  73%|[34mâ–ˆâ–ˆâ–ˆâ–ˆâ–ˆâ–ˆâ–ˆâ–Ž  [0m| 518/711 [00:56<00:20,  9.54it/s]
Steering Process:  73%|[34mâ–ˆâ–ˆâ–ˆâ–ˆâ–ˆâ–ˆâ–ˆâ–Ž  [0m| 519/711 [00:56<00:19,  9.60it/s]
Steering Process:  73%|[34mâ–ˆâ–ˆâ–ˆâ–ˆâ–ˆâ–ˆâ–ˆâ–Ž  [0m| 520/711 [00:56<00:19,  9.63it/s]
Steering Process:  73%|[34mâ–ˆâ–ˆâ–ˆâ–ˆâ–ˆâ–ˆâ–ˆâ–Ž  [0m| 521/711 [00:56<00:19,  9.64it/s]
Steering Process:  73%|[34mâ–ˆâ–ˆâ–ˆâ–ˆâ–ˆâ–ˆâ–ˆâ–Ž  [0m| 522/711 [00:56<00:19,  9.66it/s]
Steering Process:  74%|[34mâ–ˆâ–ˆâ–ˆâ–ˆâ–ˆâ–ˆâ–ˆâ–Ž  [0m| 523/711 [00:56<00:19,  9.66it/s]
Steering Process:  74%|[34mâ–ˆâ–ˆâ–ˆâ–ˆâ–ˆâ–ˆâ–ˆâ–Ž  [0m| 524/711 [00:56<00:19,  9.63it/s]
Steering Process:  74%|[34mâ–ˆâ–ˆâ–ˆâ–ˆâ–ˆâ–ˆâ–ˆâ–  [0m| 525/711 [00:56<00:19,  9.64it/s]
Steering Process:  74%|[34mâ–ˆâ–ˆâ–ˆâ–ˆâ–ˆâ–ˆâ–ˆâ–  [0m| 526/711 [00:56<00:19,  9.44it/s]
Steering Process:  74%|[34mâ–ˆâ–ˆâ–ˆâ–ˆâ–ˆâ–ˆâ–ˆâ–  [0m| 527/711 [00:56<00:19,  9.24it/s]
Steering Process:  74%|[34mâ–ˆâ–ˆâ–ˆâ–ˆâ–ˆâ–ˆâ–ˆâ–  [0m| 528/711 [00:57<00:19,  9.28it/s]
Steering Process:  74%|[34mâ–ˆâ–ˆâ–ˆâ–ˆâ–ˆâ–ˆâ–ˆâ–  [0m| 529/711 [00:57<00:19,  9.19it/s]
Steering Process:  75%|[34mâ–ˆâ–ˆâ–ˆâ–ˆâ–ˆâ–ˆâ–ˆâ–  [0m| 530/711 [00:57<00:19,  9.29it/s]
Steering Process:  75%|[34mâ–ˆâ–ˆâ–ˆâ–ˆâ–ˆâ–ˆâ–ˆâ–  [0m| 531/711 [00:57<00:19,  9.36it/s]
Steering Process:  75%|[34mâ–ˆâ–ˆâ–ˆâ–ˆâ–ˆâ–ˆâ–ˆâ–  [0m| 532/711 [00:57<00:18,  9.48it/s]
Steering Process:  75%|[34mâ–ˆâ–ˆâ–ˆâ–ˆâ–ˆâ–ˆâ–ˆâ–  [0m| 533/711 [00:57<00:18,  9.54it/s]
Steering Process:  75%|[34mâ–ˆâ–ˆâ–ˆâ–ˆâ–ˆâ–ˆâ–ˆâ–Œ  [0m| 534/711 [00:57<00:18,  9.59it/s]
Steering Process:  75%|[34mâ–ˆâ–ˆâ–ˆâ–ˆâ–ˆâ–ˆâ–ˆâ–Œ  [0m| 535/711 [00:57<00:18,  9.61it/s]
Steering Process:  75%|[34mâ–ˆâ–ˆâ–ˆâ–ˆâ–ˆâ–ˆâ–ˆâ–Œ  [0m| 536/711 [00:57<00:18,  9.60it/s]
Steering Process:  76%|[34mâ–ˆâ–ˆâ–ˆâ–ˆâ–ˆâ–ˆâ–ˆâ–Œ  [0m| 537/711 [00:58<00:18,  9.62it/s]
Steering Process:  76%|[34mâ–ˆâ–ˆâ–ˆâ–ˆâ–ˆâ–ˆâ–ˆâ–Œ  [0m| 538/711 [00:58<00:18,  9.48it/s]
Steering Process:  76%|[34mâ–ˆâ–ˆâ–ˆâ–ˆâ–ˆâ–ˆâ–ˆâ–Œ  [0m| 539/711 [00:58<00:18,  9.50it/s]
Steering Process:  76%|[34mâ–ˆâ–ˆâ–ˆâ–ˆâ–ˆâ–ˆâ–ˆâ–Œ  [0m| 540/711 [00:58<00:18,  9.35it/s]
Steering Process:  76%|[34mâ–ˆâ–ˆâ–ˆâ–ˆâ–ˆâ–ˆâ–ˆâ–Œ  [0m| 541/711 [00:58<00:18,  9.35it/s]
Steering Process:  76%|[34mâ–ˆâ–ˆâ–ˆâ–ˆâ–ˆâ–ˆâ–ˆâ–Œ  [0m| 542/711 [00:58<00:17,  9.45it/s]
Steering Process:  76%|[34mâ–ˆâ–ˆâ–ˆâ–ˆâ–ˆâ–ˆâ–ˆâ–‹  [0m| 543/711 [00:58<00:17,  9.49it/s]
Steering Process:  77%|[34mâ–ˆâ–ˆâ–ˆâ–ˆâ–ˆâ–ˆâ–ˆâ–‹  [0m| 544/711 [00:58<00:17,  9.50it/s]
Steering Process:  77%|[34mâ–ˆâ–ˆâ–ˆâ–ˆâ–ˆâ–ˆâ–ˆâ–‹  [0m| 545/711 [00:58<00:18,  9.13it/s]
Steering Process:  77%|[34mâ–ˆâ–ˆâ–ˆâ–ˆâ–ˆâ–ˆâ–ˆâ–‹  [0m| 546/711 [00:58<00:17,  9.19it/s]
Steering Process:  77%|[34mâ–ˆâ–ˆâ–ˆâ–ˆâ–ˆâ–ˆâ–ˆâ–‹  [0m| 547/711 [00:59<00:17,  9.30it/s]
Steering Process:  77%|[34mâ–ˆâ–ˆâ–ˆâ–ˆâ–ˆâ–ˆâ–ˆâ–‹  [0m| 548/711 [00:59<00:17,  9.39it/s]
Steering Process:  77%|[34mâ–ˆâ–ˆâ–ˆâ–ˆâ–ˆâ–ˆâ–ˆâ–‹  [0m| 549/711 [00:59<00:17,  9.45it/s]
Steering Process:  77%|[34mâ–ˆâ–ˆâ–ˆâ–ˆâ–ˆâ–ˆâ–ˆâ–‹  [0m| 550/711 [00:59<00:16,  9.50it/s]
Steering Process:  77%|[34mâ–ˆâ–ˆâ–ˆâ–ˆâ–ˆâ–ˆâ–ˆâ–‹  [0m| 551/711 [00:59<00:17,  9.38it/s]
Steering Process:  78%|[34mâ–ˆâ–ˆâ–ˆâ–ˆâ–ˆâ–ˆâ–ˆâ–Š  [0m| 552/711 [00:59<00:18,  8.53it/s]
Steering Process:  78%|[34mâ–ˆâ–ˆâ–ˆâ–ˆâ–ˆâ–ˆâ–ˆâ–Š  [0m| 553/711 [00:59<00:18,  8.61it/s]
Steering Process:  78%|[34mâ–ˆâ–ˆâ–ˆâ–ˆâ–ˆâ–ˆâ–ˆâ–Š  [0m| 554/711 [00:59<00:17,  8.91it/s]
Steering Process:  78%|[34mâ–ˆâ–ˆâ–ˆâ–ˆâ–ˆâ–ˆâ–ˆâ–Š  [0m| 555/711 [00:59<00:17,  9.06it/s]
Steering Process:  78%|[34mâ–ˆâ–ˆâ–ˆâ–ˆâ–ˆâ–ˆâ–ˆâ–Š  [0m| 556/711 [01:00<00:16,  9.22it/s]
Steering Process:  78%|[34mâ–ˆâ–ˆâ–ˆâ–ˆâ–ˆâ–ˆâ–ˆâ–Š  [0m| 557/711 [01:00<00:16,  9.31it/s]
Steering Process:  78%|[34mâ–ˆâ–ˆâ–ˆâ–ˆâ–ˆâ–ˆâ–ˆâ–Š  [0m| 558/711 [01:00<00:16,  9.24it/s]
Steering Process:  79%|[34mâ–ˆâ–ˆâ–ˆâ–ˆâ–ˆâ–ˆâ–ˆâ–Š  [0m| 559/711 [01:00<00:16,  9.35it/s]
Steering Process:  79%|[34mâ–ˆâ–ˆâ–ˆâ–ˆâ–ˆâ–ˆâ–ˆâ–‰  [0m| 560/711 [01:00<00:16,  9.31it/s]
Steering Process:  79%|[34mâ–ˆâ–ˆâ–ˆâ–ˆâ–ˆâ–ˆâ–ˆâ–‰  [0m| 561/711 [01:00<00:15,  9.39it/s]
Steering Process:  79%|[34mâ–ˆâ–ˆâ–ˆâ–ˆâ–ˆâ–ˆâ–ˆâ–‰  [0m| 562/711 [01:00<00:15,  9.34it/s]
Steering Process:  79%|[34mâ–ˆâ–ˆâ–ˆâ–ˆâ–ˆâ–ˆâ–ˆâ–‰  [0m| 563/711 [01:00<00:15,  9.42it/s]
Steering Process:  79%|[34mâ–ˆâ–ˆâ–ˆâ–ˆâ–ˆâ–ˆâ–ˆâ–‰  [0m| 564/711 [01:00<00:15,  9.35it/s]
Steering Process:  79%|[34mâ–ˆâ–ˆâ–ˆâ–ˆâ–ˆâ–ˆâ–ˆâ–‰  [0m| 565/711 [01:01<00:15,  9.29it/s]
Steering Process:  80%|[34mâ–ˆâ–ˆâ–ˆâ–ˆâ–ˆâ–ˆâ–ˆâ–‰  [0m| 566/711 [01:01<00:15,  9.37it/s]
Steering Process:  80%|[34mâ–ˆâ–ˆâ–ˆâ–ˆâ–ˆâ–ˆâ–ˆâ–‰  [0m| 567/711 [01:01<00:15,  9.46it/s]
Steering Process:  80%|[34mâ–ˆâ–ˆâ–ˆâ–ˆâ–ˆâ–ˆâ–ˆâ–‰  [0m| 568/711 [01:01<00:14,  9.55it/s]
Steering Process:  80%|[34mâ–ˆâ–ˆâ–ˆâ–ˆâ–ˆâ–ˆâ–ˆâ–ˆ  [0m| 569/711 [01:01<00:14,  9.57it/s]
Steering Process:  80%|[34mâ–ˆâ–ˆâ–ˆâ–ˆâ–ˆâ–ˆâ–ˆâ–ˆ  [0m| 570/711 [01:01<00:14,  9.56it/s]
Steering Process:  80%|[34mâ–ˆâ–ˆâ–ˆâ–ˆâ–ˆâ–ˆâ–ˆâ–ˆ  [0m| 571/711 [01:01<00:14,  9.56it/s]
Steering Process:  80%|[34mâ–ˆâ–ˆâ–ˆâ–ˆâ–ˆâ–ˆâ–ˆâ–ˆ  [0m| 572/711 [01:01<00:14,  9.57it/s]
Steering Process:  81%|[34mâ–ˆâ–ˆâ–ˆâ–ˆâ–ˆâ–ˆâ–ˆâ–ˆ  [0m| 573/711 [01:01<00:14,  9.60it/s]
Steering Process:  81%|[34mâ–ˆâ–ˆâ–ˆâ–ˆâ–ˆâ–ˆâ–ˆâ–ˆ  [0m| 574/711 [01:01<00:14,  9.60it/s]
Steering Process:  81%|[34mâ–ˆâ–ˆâ–ˆâ–ˆâ–ˆâ–ˆâ–ˆâ–ˆ  [0m| 575/711 [01:02<00:14,  9.59it/s]
Steering Process:  81%|[34mâ–ˆâ–ˆâ–ˆâ–ˆâ–ˆâ–ˆâ–ˆâ–ˆ  [0m| 576/711 [01:02<00:14,  9.59it/s]
Steering Process:  81%|[34mâ–ˆâ–ˆâ–ˆâ–ˆâ–ˆâ–ˆâ–ˆâ–ˆ  [0m| 577/711 [01:02<00:14,  9.46it/s]
Steering Process:  81%|[34mâ–ˆâ–ˆâ–ˆâ–ˆâ–ˆâ–ˆâ–ˆâ–ˆâ– [0m| 578/711 [01:02<00:13,  9.53it/s]
Steering Process:  81%|[34mâ–ˆâ–ˆâ–ˆâ–ˆâ–ˆâ–ˆâ–ˆâ–ˆâ– [0m| 579/711 [01:02<00:13,  9.46it/s]
Steering Process:  82%|[34mâ–ˆâ–ˆâ–ˆâ–ˆâ–ˆâ–ˆâ–ˆâ–ˆâ– [0m| 580/711 [01:02<00:13,  9.54it/s]
Steering Process:  82%|[34mâ–ˆâ–ˆâ–ˆâ–ˆâ–ˆâ–ˆâ–ˆâ–ˆâ– [0m| 581/711 [01:02<00:13,  9.54it/s]
Steering Process:  82%|[34mâ–ˆâ–ˆâ–ˆâ–ˆâ–ˆâ–ˆâ–ˆâ–ˆâ– [0m| 582/711 [01:02<00:13,  9.54it/s]
Steering Process:  82%|[34mâ–ˆâ–ˆâ–ˆâ–ˆâ–ˆâ–ˆâ–ˆâ–ˆâ– [0m| 583/711 [01:02<00:13,  9.60it/s]
Steering Process:  82%|[34mâ–ˆâ–ˆâ–ˆâ–ˆâ–ˆâ–ˆâ–ˆâ–ˆâ– [0m| 584/711 [01:03<00:13,  9.24it/s]
Steering Process:  82%|[34mâ–ˆâ–ˆâ–ˆâ–ˆâ–ˆâ–ˆâ–ˆâ–ˆâ– [0m| 585/711 [01:03<00:13,  9.25it/s]
Steering Process:  82%|[34mâ–ˆâ–ˆâ–ˆâ–ˆâ–ˆâ–ˆâ–ˆâ–ˆâ– [0m| 586/711 [01:03<00:13,  9.20it/s]
Steering Process:  83%|[34mâ–ˆâ–ˆâ–ˆâ–ˆâ–ˆâ–ˆâ–ˆâ–ˆâ–Ž [0m| 587/711 [01:03<00:13,  9.32it/s]
Steering Process:  83%|[34mâ–ˆâ–ˆâ–ˆâ–ˆâ–ˆâ–ˆâ–ˆâ–ˆâ–Ž [0m| 588/711 [01:03<00:14,  8.61it/s]
Steering Process:  83%|[34mâ–ˆâ–ˆâ–ˆâ–ˆâ–ˆâ–ˆâ–ˆâ–ˆâ–Ž [0m| 589/711 [01:03<00:13,  8.72it/s]
Steering Process:  83%|[34mâ–ˆâ–ˆâ–ˆâ–ˆâ–ˆâ–ˆâ–ˆâ–ˆâ–Ž [0m| 590/711 [01:03<00:13,  8.97it/s]
Steering Process:  83%|[34mâ–ˆâ–ˆâ–ˆâ–ˆâ–ˆâ–ˆâ–ˆâ–ˆâ–Ž [0m| 591/711 [01:03<00:13,  9.17it/s]
Steering Process:  83%|[34mâ–ˆâ–ˆâ–ˆâ–ˆâ–ˆâ–ˆâ–ˆâ–ˆâ–Ž [0m| 592/711 [01:03<00:12,  9.30it/s]
Steering Process:  83%|[34mâ–ˆâ–ˆâ–ˆâ–ˆâ–ˆâ–ˆâ–ˆâ–ˆâ–Ž [0m| 593/711 [01:04<00:12,  9.39it/s]
Steering Process:  84%|[34mâ–ˆâ–ˆâ–ˆâ–ˆâ–ˆâ–ˆâ–ˆâ–ˆâ–Ž [0m| 594/711 [01:04<00:13,  8.60it/s]
Steering Process:  84%|[34mâ–ˆâ–ˆâ–ˆâ–ˆâ–ˆâ–ˆâ–ˆâ–ˆâ–Ž [0m| 595/711 [01:04<00:13,  8.75it/s]
Steering Process:  84%|[34mâ–ˆâ–ˆâ–ˆâ–ˆâ–ˆâ–ˆâ–ˆâ–ˆâ– [0m| 596/711 [01:04<00:12,  8.99it/s]
Steering Process:  84%|[34mâ–ˆâ–ˆâ–ˆâ–ˆâ–ˆâ–ˆâ–ˆâ–ˆâ– [0m| 597/711 [01:04<00:12,  9.16it/s]
Steering Process:  84%|[34mâ–ˆâ–ˆâ–ˆâ–ˆâ–ˆâ–ˆâ–ˆâ–ˆâ– [0m| 598/711 [01:04<00:12,  9.33it/s]
Steering Process:  84%|[34mâ–ˆâ–ˆâ–ˆâ–ˆâ–ˆâ–ˆâ–ˆâ–ˆâ– [0m| 599/711 [01:04<00:11,  9.46it/s]
Steering Process:  84%|[34mâ–ˆâ–ˆâ–ˆâ–ˆâ–ˆâ–ˆâ–ˆâ–ˆâ– [0m| 600/711 [01:04<00:11,  9.51it/s]
Steering Process:  85%|[34mâ–ˆâ–ˆâ–ˆâ–ˆâ–ˆâ–ˆâ–ˆâ–ˆâ– [0m| 601/711 [01:04<00:11,  9.54it/s]
Steering Process:  85%|[34mâ–ˆâ–ˆâ–ˆâ–ˆâ–ˆâ–ˆâ–ˆâ–ˆâ– [0m| 602/711 [01:05<00:11,  9.60it/s]
Steering Process:  85%|[34mâ–ˆâ–ˆâ–ˆâ–ˆâ–ˆâ–ˆâ–ˆâ–ˆâ– [0m| 603/711 [01:05<00:11,  9.63it/s]
Steering Process:  85%|[34mâ–ˆâ–ˆâ–ˆâ–ˆâ–ˆâ–ˆâ–ˆâ–ˆâ– [0m| 604/711 [01:05<00:11,  9.63it/s]
Steering Process:  85%|[34mâ–ˆâ–ˆâ–ˆâ–ˆâ–ˆâ–ˆâ–ˆâ–ˆâ–Œ [0m| 605/711 [01:05<00:11,  9.55it/s]
Steering Process:  85%|[34mâ–ˆâ–ˆâ–ˆâ–ˆâ–ˆâ–ˆâ–ˆâ–ˆâ–Œ [0m| 606/711 [01:05<00:11,  9.54it/s]
Steering Process:  85%|[34mâ–ˆâ–ˆâ–ˆâ–ˆâ–ˆâ–ˆâ–ˆâ–ˆâ–Œ [0m| 607/711 [01:05<00:10,  9.59it/s]
Steering Process:  86%|[34mâ–ˆâ–ˆâ–ˆâ–ˆâ–ˆâ–ˆâ–ˆâ–ˆâ–Œ [0m| 608/711 [01:05<00:12,  8.14it/s]
Steering Process:  86%|[34mâ–ˆâ–ˆâ–ˆâ–ˆâ–ˆâ–ˆâ–ˆâ–ˆâ–Œ [0m| 609/711 [01:05<00:12,  8.34it/s]
Steering Process:  86%|[34mâ–ˆâ–ˆâ–ˆâ–ˆâ–ˆâ–ˆâ–ˆâ–ˆâ–Œ [0m| 610/711 [01:05<00:11,  8.69it/s]
Steering Process:  86%|[34mâ–ˆâ–ˆâ–ˆâ–ˆâ–ˆâ–ˆâ–ˆâ–ˆâ–Œ [0m| 611/711 [01:06<00:11,  8.96it/s]
Steering Process:  86%|[34mâ–ˆâ–ˆâ–ˆâ–ˆâ–ˆâ–ˆâ–ˆâ–ˆâ–Œ [0m| 612/711 [01:06<00:10,  9.18it/s]
Steering Process:  86%|[34mâ–ˆâ–ˆâ–ˆâ–ˆâ–ˆâ–ˆâ–ˆâ–ˆâ–Œ [0m| 613/711 [01:06<00:10,  9.31it/s]
Steering Process:  86%|[34mâ–ˆâ–ˆâ–ˆâ–ˆâ–ˆâ–ˆâ–ˆâ–ˆâ–‹ [0m| 614/711 [01:06<00:10,  9.38it/s]
Steering Process:  86%|[34mâ–ˆâ–ˆâ–ˆâ–ˆâ–ˆâ–ˆâ–ˆâ–ˆâ–‹ [0m| 615/711 [01:06<00:10,  9.45it/s]
Steering Process:  87%|[34mâ–ˆâ–ˆâ–ˆâ–ˆâ–ˆâ–ˆâ–ˆâ–ˆâ–‹ [0m| 616/711 [01:06<00:09,  9.53it/s]
Steering Process:  87%|[34mâ–ˆâ–ˆâ–ˆâ–ˆâ–ˆâ–ˆâ–ˆâ–ˆâ–‹ [0m| 617/711 [01:06<00:09,  9.54it/s]
Steering Process:  87%|[34mâ–ˆâ–ˆâ–ˆâ–ˆâ–ˆâ–ˆâ–ˆâ–ˆâ–‹ [0m| 618/711 [01:06<00:09,  9.59it/s]
Steering Process:  87%|[34mâ–ˆâ–ˆâ–ˆâ–ˆâ–ˆâ–ˆâ–ˆâ–ˆâ–‹ [0m| 619/711 [01:06<00:09,  9.61it/s]
Steering Process:  87%|[34mâ–ˆâ–ˆâ–ˆâ–ˆâ–ˆâ–ˆâ–ˆâ–ˆâ–‹ [0m| 620/711 [01:06<00:09,  9.63it/s]
Steering Process:  87%|[34mâ–ˆâ–ˆâ–ˆâ–ˆâ–ˆâ–ˆâ–ˆâ–ˆâ–‹ [0m| 621/711 [01:07<00:09,  9.60it/s]
Steering Process:  87%|[34mâ–ˆâ–ˆâ–ˆâ–ˆâ–ˆâ–ˆâ–ˆâ–ˆâ–‹ [0m| 622/711 [01:07<00:09,  9.60it/s]
Steering Process:  88%|[34mâ–ˆâ–ˆâ–ˆâ–ˆâ–ˆâ–ˆâ–ˆâ–ˆâ–Š [0m| 623/711 [01:07<00:09,  9.59it/s]
Steering Process:  88%|[34mâ–ˆâ–ˆâ–ˆâ–ˆâ–ˆâ–ˆâ–ˆâ–ˆâ–Š [0m| 624/711 [01:07<00:09,  9.60it/s]
Steering Process:  88%|[34mâ–ˆâ–ˆâ–ˆâ–ˆâ–ˆâ–ˆâ–ˆâ–ˆâ–Š [0m| 625/711 [01:07<00:08,  9.57it/s]
Steering Process:  88%|[34mâ–ˆâ–ˆâ–ˆâ–ˆâ–ˆâ–ˆâ–ˆâ–ˆâ–Š [0m| 626/711 [01:07<00:08,  9.55it/s]
Steering Process:  88%|[34mâ–ˆâ–ˆâ–ˆâ–ˆâ–ˆâ–ˆâ–ˆâ–ˆâ–Š [0m| 627/711 [01:07<00:08,  9.53it/s]
Steering Process:  88%|[34mâ–ˆâ–ˆâ–ˆâ–ˆâ–ˆâ–ˆâ–ˆâ–ˆâ–Š [0m| 628/711 [01:07<00:08,  9.57it/s]
Steering Process:  88%|[34mâ–ˆâ–ˆâ–ˆâ–ˆâ–ˆâ–ˆâ–ˆâ–ˆâ–Š [0m| 629/711 [01:07<00:08,  9.54it/s]
Steering Process:  89%|[34mâ–ˆâ–ˆâ–ˆâ–ˆâ–ˆâ–ˆâ–ˆâ–ˆâ–Š [0m| 630/711 [01:07<00:08,  9.41it/s]
Steering Process:  89%|[34mâ–ˆâ–ˆâ–ˆâ–ˆâ–ˆâ–ˆâ–ˆâ–ˆâ–Š [0m| 631/711 [01:08<00:08,  9.24it/s]
Steering Process:  89%|[34mâ–ˆâ–ˆâ–ˆâ–ˆâ–ˆâ–ˆâ–ˆâ–ˆâ–‰ [0m| 632/711 [01:08<00:08,  9.34it/s]
Steering Process:  89%|[34mâ–ˆâ–ˆâ–ˆâ–ˆâ–ˆâ–ˆâ–ˆâ–ˆâ–‰ [0m| 633/711 [01:08<00:08,  9.40it/s]
Steering Process:  89%|[34mâ–ˆâ–ˆâ–ˆâ–ˆâ–ˆâ–ˆâ–ˆâ–ˆâ–‰ [0m| 634/711 [01:08<00:08,  9.50it/s]
Steering Process:  89%|[34mâ–ˆâ–ˆâ–ˆâ–ˆâ–ˆâ–ˆâ–ˆâ–ˆâ–‰ [0m| 635/711 [01:08<00:08,  9.14it/s]
Steering Process:  89%|[34mâ–ˆâ–ˆâ–ˆâ–ˆâ–ˆâ–ˆâ–ˆâ–ˆâ–‰ [0m| 636/711 [01:08<00:08,  9.18it/s]
Steering Process:  90%|[34mâ–ˆâ–ˆâ–ˆâ–ˆâ–ˆâ–ˆâ–ˆâ–ˆâ–‰ [0m| 637/711 [01:08<00:07,  9.26it/s]
Steering Process:  90%|[34mâ–ˆâ–ˆâ–ˆâ–ˆâ–ˆâ–ˆâ–ˆâ–ˆâ–‰ [0m| 638/711 [01:08<00:07,  9.37it/s]
Steering Process:  90%|[34mâ–ˆâ–ˆâ–ˆâ–ˆâ–ˆâ–ˆâ–ˆâ–ˆâ–‰ [0m| 639/711 [01:08<00:07,  9.34it/s]
Steering Process:  90%|[34mâ–ˆâ–ˆâ–ˆâ–ˆâ–ˆâ–ˆâ–ˆâ–ˆâ–ˆ [0m| 640/711 [01:09<00:07,  9.37it/s]
Steering Process:  90%|[34mâ–ˆâ–ˆâ–ˆâ–ˆâ–ˆâ–ˆâ–ˆâ–ˆâ–ˆ [0m| 641/711 [01:09<00:07,  9.33it/s]
Steering Process:  90%|[34mâ–ˆâ–ˆâ–ˆâ–ˆâ–ˆâ–ˆâ–ˆâ–ˆâ–ˆ [0m| 642/711 [01:09<00:07,  9.26it/s]
Steering Process:  90%|[34mâ–ˆâ–ˆâ–ˆâ–ˆâ–ˆâ–ˆâ–ˆâ–ˆâ–ˆ [0m| 643/711 [01:09<00:07,  9.32it/s]
Steering Process:  91%|[34mâ–ˆâ–ˆâ–ˆâ–ˆâ–ˆâ–ˆâ–ˆâ–ˆâ–ˆ [0m| 644/711 [01:09<00:07,  9.26it/s]
Steering Process:  91%|[34mâ–ˆâ–ˆâ–ˆâ–ˆâ–ˆâ–ˆâ–ˆâ–ˆâ–ˆ [0m| 645/711 [01:09<00:07,  9.39it/s]
Steering Process:  91%|[34mâ–ˆâ–ˆâ–ˆâ–ˆâ–ˆâ–ˆâ–ˆâ–ˆâ–ˆ [0m| 646/711 [01:09<00:07,  9.28it/s]
Steering Process:  91%|[34mâ–ˆâ–ˆâ–ˆâ–ˆâ–ˆâ–ˆâ–ˆâ–ˆâ–ˆ [0m| 647/711 [01:09<00:06,  9.32it/s]
Steering Process:  91%|[34mâ–ˆâ–ˆâ–ˆâ–ˆâ–ˆâ–ˆâ–ˆâ–ˆâ–ˆ [0m| 648/711 [01:09<00:06,  9.35it/s]
Steering Process:  91%|[34mâ–ˆâ–ˆâ–ˆâ–ˆâ–ˆâ–ˆâ–ˆâ–ˆâ–ˆâ–[0m| 649/711 [01:10<00:06,  9.39it/s]
Steering Process:  91%|[34mâ–ˆâ–ˆâ–ˆâ–ˆâ–ˆâ–ˆâ–ˆâ–ˆâ–ˆâ–[0m| 650/711 [01:10<00:06,  9.46it/s]
Steering Process:  92%|[34mâ–ˆâ–ˆâ–ˆâ–ˆâ–ˆâ–ˆâ–ˆâ–ˆâ–ˆâ–[0m| 651/711 [01:10<00:06,  9.50it/s]
Steering Process:  92%|[34mâ–ˆâ–ˆâ–ˆâ–ˆâ–ˆâ–ˆâ–ˆâ–ˆâ–ˆâ–[0m| 652/711 [01:10<00:06,  9.57it/s]
Steering Process:  92%|[34mâ–ˆâ–ˆâ–ˆâ–ˆâ–ˆâ–ˆâ–ˆâ–ˆâ–ˆâ–[0m| 653/711 [01:10<00:06,  9.58it/s]
Steering Process:  92%|[34mâ–ˆâ–ˆâ–ˆâ–ˆâ–ˆâ–ˆâ–ˆâ–ˆâ–ˆâ–[0m| 654/711 [01:10<00:05,  9.58it/s]
Steering Process:  92%|[34mâ–ˆâ–ˆâ–ˆâ–ˆâ–ˆâ–ˆâ–ˆâ–ˆâ–ˆâ–[0m| 655/711 [01:10<00:06,  9.05it/s]
Steering Process:  92%|[34mâ–ˆâ–ˆâ–ˆâ–ˆâ–ˆâ–ˆâ–ˆâ–ˆâ–ˆâ–[0m| 656/711 [01:10<00:06,  9.08it/s]
Steering Process:  92%|[34mâ–ˆâ–ˆâ–ˆâ–ˆâ–ˆâ–ˆâ–ˆâ–ˆâ–ˆâ–[0m| 657/711 [01:10<00:05,  9.23it/s]
Steering Process:  93%|[34mâ–ˆâ–ˆâ–ˆâ–ˆâ–ˆâ–ˆâ–ˆâ–ˆâ–ˆâ–Ž[0m| 658/711 [01:11<00:06,  7.95it/s]
Steering Process:  93%|[34mâ–ˆâ–ˆâ–ˆâ–ˆâ–ˆâ–ˆâ–ˆâ–ˆâ–ˆâ–Ž[0m| 659/711 [01:11<00:06,  8.19it/s]
Steering Process:  93%|[34mâ–ˆâ–ˆâ–ˆâ–ˆâ–ˆâ–ˆâ–ˆâ–ˆâ–ˆâ–Ž[0m| 660/711 [01:11<00:05,  8.55it/s]
Steering Process:  93%|[34mâ–ˆâ–ˆâ–ˆâ–ˆâ–ˆâ–ˆâ–ˆâ–ˆâ–ˆâ–Ž[0m| 661/711 [01:11<00:05,  8.79it/s]
Steering Process:  93%|[34mâ–ˆâ–ˆâ–ˆâ–ˆâ–ˆâ–ˆâ–ˆâ–ˆâ–ˆâ–Ž[0m| 662/711 [01:11<00:05,  8.47it/s]
Steering Process:  93%|[34mâ–ˆâ–ˆâ–ˆâ–ˆâ–ˆâ–ˆâ–ˆâ–ˆâ–ˆâ–Ž[0m| 663/711 [01:11<00:05,  8.57it/s]
Steering Process:  93%|[34mâ–ˆâ–ˆâ–ˆâ–ˆâ–ˆâ–ˆâ–ˆâ–ˆâ–ˆâ–Ž[0m| 664/711 [01:11<00:05,  8.82it/s]
Steering Process:  94%|[34mâ–ˆâ–ˆâ–ˆâ–ˆâ–ˆâ–ˆâ–ˆâ–ˆâ–ˆâ–Ž[0m| 665/711 [01:11<00:05,  8.66it/s]
Steering Process:  94%|[34mâ–ˆâ–ˆâ–ˆâ–ˆâ–ˆâ–ˆâ–ˆâ–ˆâ–ˆâ–Ž[0m| 666/711 [01:11<00:05,  8.84it/s]
Steering Process:  94%|[34mâ–ˆâ–ˆâ–ˆâ–ˆâ–ˆâ–ˆâ–ˆâ–ˆâ–ˆâ–[0m| 667/711 [01:12<00:04,  9.10it/s]
Steering Process:  94%|[34mâ–ˆâ–ˆâ–ˆâ–ˆâ–ˆâ–ˆâ–ˆâ–ˆâ–ˆâ–[0m| 668/711 [01:12<00:04,  9.15it/s]
Steering Process:  94%|[34mâ–ˆâ–ˆâ–ˆâ–ˆâ–ˆâ–ˆâ–ˆâ–ˆâ–ˆâ–[0m| 669/711 [01:12<00:04,  9.31it/s]
Steering Process:  94%|[34mâ–ˆâ–ˆâ–ˆâ–ˆâ–ˆâ–ˆâ–ˆâ–ˆâ–ˆâ–[0m| 670/711 [01:12<00:04,  9.40it/s]
Steering Process:  94%|[34mâ–ˆâ–ˆâ–ˆâ–ˆâ–ˆâ–ˆâ–ˆâ–ˆâ–ˆâ–[0m| 671/711 [01:12<00:04,  9.50it/s]
Steering Process:  95%|[34mâ–ˆâ–ˆâ–ˆâ–ˆâ–ˆâ–ˆâ–ˆâ–ˆâ–ˆâ–[0m| 672/711 [01:12<00:04,  9.41it/s]
Steering Process:  95%|[34mâ–ˆâ–ˆâ–ˆâ–ˆâ–ˆâ–ˆâ–ˆâ–ˆâ–ˆâ–[0m| 673/711 [01:12<00:04,  9.46it/s]
Steering Process:  95%|[34mâ–ˆâ–ˆâ–ˆâ–ˆâ–ˆâ–ˆâ–ˆâ–ˆâ–ˆâ–[0m| 674/711 [01:12<00:04,  8.17it/s]
Steering Process:  95%|[34mâ–ˆâ–ˆâ–ˆâ–ˆâ–ˆâ–ˆâ–ˆâ–ˆâ–ˆâ–[0m| 675/711 [01:12<00:04,  8.38it/s]
Steering Process:  95%|[34mâ–ˆâ–ˆâ–ˆâ–ˆâ–ˆâ–ˆâ–ˆâ–ˆâ–ˆâ–Œ[0m| 676/711 [01:13<00:04,  8.62it/s]
Steering Process:  95%|[34mâ–ˆâ–ˆâ–ˆâ–ˆâ–ˆâ–ˆâ–ˆâ–ˆâ–ˆâ–Œ[0m| 677/711 [01:13<00:03,  8.88it/s]
Steering Process:  95%|[34mâ–ˆâ–ˆâ–ˆâ–ˆâ–ˆâ–ˆâ–ˆâ–ˆâ–ˆâ–Œ[0m| 678/711 [01:13<00:03,  8.98it/s]
Steering Process:  95%|[34mâ–ˆâ–ˆâ–ˆâ–ˆâ–ˆâ–ˆâ–ˆâ–ˆâ–ˆâ–Œ[0m| 679/711 [01:13<00:03,  9.14it/s]
Steering Process:  96%|[34mâ–ˆâ–ˆâ–ˆâ–ˆâ–ˆâ–ˆâ–ˆâ–ˆâ–ˆâ–Œ[0m| 680/711 [01:13<00:03,  9.29it/s]
Steering Process:  96%|[34mâ–ˆâ–ˆâ–ˆâ–ˆâ–ˆâ–ˆâ–ˆâ–ˆâ–ˆâ–Œ[0m| 681/711 [01:13<00:03,  9.25it/s]
Steering Process:  96%|[34mâ–ˆâ–ˆâ–ˆâ–ˆâ–ˆâ–ˆâ–ˆâ–ˆâ–ˆâ–Œ[0m| 682/711 [01:13<00:03,  9.37it/s]
Steering Process:  96%|[34mâ–ˆâ–ˆâ–ˆâ–ˆâ–ˆâ–ˆâ–ˆâ–ˆâ–ˆâ–Œ[0m| 683/711 [01:13<00:02,  9.41it/s]
Steering Process:  96%|[34mâ–ˆâ–ˆâ–ˆâ–ˆâ–ˆâ–ˆâ–ˆâ–ˆâ–ˆâ–Œ[0m| 684/711 [01:13<00:02,  9.49it/s]
Steering Process:  96%|[34mâ–ˆâ–ˆâ–ˆâ–ˆâ–ˆâ–ˆâ–ˆâ–ˆâ–ˆâ–‹[0m| 685/711 [01:14<00:02,  9.38it/s]
Steering Process:  96%|[34mâ–ˆâ–ˆâ–ˆâ–ˆâ–ˆâ–ˆâ–ˆâ–ˆâ–ˆâ–‹[0m| 686/711 [01:14<00:02,  9.49it/s]
Steering Process:  97%|[34mâ–ˆâ–ˆâ–ˆâ–ˆâ–ˆâ–ˆâ–ˆâ–ˆâ–ˆâ–‹[0m| 687/711 [01:14<00:02,  9.46it/s]
Steering Process:  97%|[34mâ–ˆâ–ˆâ–ˆâ–ˆâ–ˆâ–ˆâ–ˆâ–ˆâ–ˆâ–‹[0m| 688/711 [01:14<00:02,  9.50it/s]
Steering Process:  97%|[34mâ–ˆâ–ˆâ–ˆâ–ˆâ–ˆâ–ˆâ–ˆâ–ˆâ–ˆâ–‹[0m| 689/711 [01:14<00:02,  9.49it/s]
Steering Process:  97%|[34mâ–ˆâ–ˆâ–ˆâ–ˆâ–ˆâ–ˆâ–ˆâ–ˆâ–ˆâ–‹[0m| 690/711 [01:14<00:02,  9.55it/s]
Steering Process:  97%|[34mâ–ˆâ–ˆâ–ˆâ–ˆâ–ˆâ–ˆâ–ˆâ–ˆâ–ˆâ–‹[0m| 691/711 [01:14<00:02,  9.52it/s]
Steering Process:  97%|[34mâ–ˆâ–ˆâ–ˆâ–ˆâ–ˆâ–ˆâ–ˆâ–ˆâ–ˆâ–‹[0m| 692/711 [01:14<00:01,  9.60it/s]
Steering Process:  97%|[34mâ–ˆâ–ˆâ–ˆâ–ˆâ–ˆâ–ˆâ–ˆâ–ˆâ–ˆâ–‹[0m| 693/711 [01:14<00:01,  9.58it/s]
Steering Process:  98%|[34mâ–ˆâ–ˆâ–ˆâ–ˆâ–ˆâ–ˆâ–ˆâ–ˆâ–ˆâ–Š[0m| 694/711 [01:15<00:01,  8.67it/s]
Steering Process:  98%|[34mâ–ˆâ–ˆâ–ˆâ–ˆâ–ˆâ–ˆâ–ˆâ–ˆâ–ˆâ–Š[0m| 695/711 [01:15<00:01,  8.79it/s]
Steering Process:  98%|[34mâ–ˆâ–ˆâ–ˆâ–ˆâ–ˆâ–ˆâ–ˆâ–ˆâ–ˆâ–Š[0m| 696/711 [01:15<00:01,  9.00it/s]
Steering Process:  98%|[34mâ–ˆâ–ˆâ–ˆâ–ˆâ–ˆâ–ˆâ–ˆâ–ˆâ–ˆâ–Š[0m| 697/711 [01:15<00:01,  8.60it/s]
Steering Process:  98%|[34mâ–ˆâ–ˆâ–ˆâ–ˆâ–ˆâ–ˆâ–ˆâ–ˆâ–ˆâ–Š[0m| 698/711 [01:15<00:01,  8.80it/s]
Steering Process:  98%|[34mâ–ˆâ–ˆâ–ˆâ–ˆâ–ˆâ–ˆâ–ˆâ–ˆâ–ˆâ–Š[0m| 699/711 [01:15<00:01,  9.03it/s]
Steering Process:  98%|[34mâ–ˆâ–ˆâ–ˆâ–ˆâ–ˆâ–ˆâ–ˆâ–ˆâ–ˆâ–Š[0m| 700/711 [01:15<00:01,  9.22it/s]
Steering Process:  99%|[34mâ–ˆâ–ˆâ–ˆâ–ˆâ–ˆâ–ˆâ–ˆâ–ˆâ–ˆâ–Š[0m| 701/711 [01:15<00:01,  9.35it/s]
Steering Process:  99%|[34mâ–ˆâ–ˆâ–ˆâ–ˆâ–ˆâ–ˆâ–ˆâ–ˆâ–ˆâ–Š[0m| 702/711 [01:15<00:00,  9.40it/s]
Steering Process:  99%|[34mâ–ˆâ–ˆâ–ˆâ–ˆâ–ˆâ–ˆâ–ˆâ–ˆâ–ˆâ–‰[0m| 703/711 [01:15<00:00,  9.31it/s]
Steering Process:  99%|[34mâ–ˆâ–ˆâ–ˆâ–ˆâ–ˆâ–ˆâ–ˆâ–ˆâ–ˆâ–‰[0m| 704/711 [01:16<00:00,  9.27it/s]
Steering Process:  99%|[34mâ–ˆâ–ˆâ–ˆâ–ˆâ–ˆâ–ˆâ–ˆâ–ˆâ–ˆâ–‰[0m| 705/711 [01:16<00:00,  9.31it/s]
Steering Process:  99%|[34mâ–ˆâ–ˆâ–ˆâ–ˆâ–ˆâ–ˆâ–ˆâ–ˆâ–ˆâ–‰[0m| 706/711 [01:16<00:00,  9.40it/s]
Steering Process:  99%|[34mâ–ˆâ–ˆâ–ˆâ–ˆâ–ˆâ–ˆâ–ˆâ–ˆâ–ˆâ–‰[0m| 707/711 [01:16<00:00,  9.45it/s]
Steering Process: 100%|[34mâ–ˆâ–ˆâ–ˆâ–ˆâ–ˆâ–ˆâ–ˆâ–ˆâ–ˆâ–‰[0m| 708/711 [01:16<00:00,  9.49it/s]
Steering Process: 100%|[34mâ–ˆâ–ˆâ–ˆâ–ˆâ–ˆâ–ˆâ–ˆâ–ˆâ–ˆâ–‰[0m| 709/711 [01:16<00:00,  9.52it/s]
Steering Process: 100%|[34mâ–ˆâ–ˆâ–ˆâ–ˆâ–ˆâ–ˆâ–ˆâ–ˆâ–ˆâ–‰[0m| 710/711 [01:16<00:00,  9.59it/s]
Steering Process: 100%|[34mâ–ˆâ–ˆâ–ˆâ–ˆâ–ˆâ–ˆâ–ˆâ–ˆâ–ˆâ–ˆ[0m| 711/711 [01:16<00:00,  9.57it/s]
Steering Process: 100%|[34mâ–ˆâ–ˆâ–ˆâ–ˆâ–ˆâ–ˆâ–ˆâ–ˆâ–ˆâ–ˆ[0m| 711/711 [01:16<00:00,  9.25it/s]
The attention mask and the pad token id were not set. As a consequence, you may observe unexpected behavior. Please pass your input's `attention_mask` to obtain reliable results.
Setting `pad_token_id` to `eos_token_id`:128001 for open-end generation.
The attention mask is not set and cannot be inferred from input because pad token is same as eos token. As a consequence, you may observe unexpected behavior. Please pass your input's `attention_mask` to obtain reliable results.
tensor([[128000, 128006,   9125, 128007,    271,  38766,   1303,  33025,   2696,
             25,   6790,    220,   2366,     18,    198,  15724,   2696,     25,
            220,   2839,   4448,    220,   2366,     20,    271, 128009, 128006,
          78191, 128007,    271,  15339,      0, 128009, 128006,    882, 128007,
            271,   9906,     13, 128009, 128006,  78191, 128007,    271,   6854,
            602,  47626,   1440,    701,  19882,   4587,     30, 128009, 128006,
            882, 128007,    271,  11649,     11,    358,   2846,   3169,    315,
           3428,    389,   3090,     11,    779,    358,   4265,   1093,    311,
            636,    439,   1790,    315,    430,    439,    358,    649,     13,
            358,   4265,   1093,    311,    733,  38464,    323,    358,   1541,
            956,   2216,    617,   3403,   3090,    369,    264,   1317,   8577,
             13,   3639,    922,    499,     30, 128009]], device='cuda:0')
<class 'torch.Tensor'> torch.Size([1, 205])
<|begin_of_text|><|start_header_id|>system<|end_header_id|>

Cutting Knowledge Date: December 2023
Today Date: 03 Jan 2025

<|eot_id|><|start_header_id|>assistant<|end_header_id|>

hello!<|eot_id|><|start_header_id|>user<|end_header_id|>

Hello.<|eot_id|><|start_header_id|>assistant<|end_header_id|>

Can i kindly know your preferences please?<|eot_id|><|start_header_id|>user<|end_header_id|>

Well, I'm kind of low on water, so I'd like to get as much of that as I can. I'd like to go hiking and I don't really have enough water for a long trip. What about you?<|eot_id|><|start_header_id|>assistant<|end_header_id|>

I'm sorry to hear that. I'm not a person, though. I'm here to help. Would you like some water? I can offer you a glass of water. 

If you're planning a long hike, I'd like to remind you to drink water regularly. It's very important for your health. 

Here are some tips: 

1. Bring water with you on your hike.
2. Drink water regularly.
3. Consider the weather and the amount of
